2024-05-24 22:50:20,902 - INFO - Function create_or_pass_folder error with flag 0 -- Function create_or_pass_folder error is::Value for one of the query parameters specified in the request URI is invalid.
RequestId:095c5099-001e-0076-5efe-adf1ba000000
Time:2024-05-24T17:20:21.2709207Z
ErrorCode:InvalidQueryParameterValue
queryparametername:snapshot
queryparametervalue:akash123
Content: <?xml version="1.0" encoding="utf-8"?>
<Error><Code>InvalidQueryParameterValue</Code><Message>Value for one of the query parameters specified in the request URI is invalid.
RequestId:095c5099-001e-0076-5efe-adf1ba000000
Time:2024-05-24T17:20:21.2709207Z</Message><QueryParameterName>snapshot</QueryParameterName><QueryParameterValue>akash123</QueryParameterValue></Error>
2024-05-24 22:50:20,903 - INFO - Function create_or_pass_folder Error creating folder'akash123': Value for one of the query parameters specified in the request URI is invalid.
RequestId:095c5099-001e-0076-5efe-adf1ba000000
Time:2024-05-24T17:20:21.2709207Z
ErrorCode:InvalidQueryParameterValue
queryparametername:snapshot
queryparametervalue:akash123
Content: <?xml version="1.0" encoding="utf-8"?>
<Error><Code>InvalidQueryParameterValue</Code><Message>Value for one of the query parameters specified in the request URI is invalid.
RequestId:095c5099-001e-0076-5efe-adf1ba000000
Time:2024-05-24T17:20:21.2709207Z</Message><QueryParameterName>snapshot</QueryParameterName><QueryParameterValue>akash123</QueryParameterValue></Error> 
2024-05-24 22:50:21,203 - INFO - Function update_bar_chart_from_blob successfully Return blob_list with flag 1
2024-05-24 22:50:21,203 - INFO - User akash123 logged in successfully with flag 1
2024-05-24 22:50:21,518 - INFO - Function update_bar_chart_from_blob successfully Return blob_list with flag 1
2024-05-24 22:50:22,156 - INFO - table_update route successfully send data with flag 1
2024-05-24 22:50:27,153 - INFO - table_update route successfully send data with flag 1
2024-05-24 22:50:32,476 - INFO - table_update route successfully send data with flag 1
2024-05-24 22:50:34,040 - INFO - Function update_bar_chart_from_blob successfully Return blob_list with flag 1
2024-05-24 22:50:37,232 - INFO - table_update route successfully send data with flag 1
2024-05-24 22:50:39,185 - INFO - Function update_bar_chart_from_blob successfully Return blob_list with flag 1
2024-05-24 22:50:39,186 - INFO - Function update_when_file_delete Data Loaded Successfully with flag 1
2024-05-24 22:50:39,186 - INFO - Cogni_button route succeeded with flag 1
2024-05-24 22:50:42,152 - INFO - table_update route successfully send data with flag 1
2024-05-24 22:50:48,613 - INFO - Cogservice_Value_Updated route Value updated successfully: 1
2024-05-24 22:51:29,850 - INFO - summary_input route succeeded with flag 1
