2024-05-24 23:10:03,919 - INFO - Function create_or_pass_folder error with flag 0 -- Function create_or_pass_folder error is::Value for one of the query parameters specified in the request URI is invalid.
RequestId:dc43176e-d01e-0019-2f01-ae596e000000
Time:2024-05-24T17:40:04.2516596Z
ErrorCode:InvalidQueryParameterValue
queryparametername:snapshot
queryparametervalue:akash123
Content: <?xml version="1.0" encoding="utf-8"?>
<Error><Code>InvalidQueryParameterValue</Code><Message>Value for one of the query parameters specified in the request URI is invalid.
RequestId:dc43176e-d01e-0019-2f01-ae596e000000
Time:2024-05-24T17:40:04.2516596Z</Message><QueryParameterName>snapshot</QueryParameterName><QueryParameterValue>akash123</QueryParameterValue></Error>
2024-05-24 23:10:03,919 - INFO - Function create_or_pass_folder Error creating folder'akash123': Value for one of the query parameters specified in the request URI is invalid.
RequestId:dc43176e-d01e-0019-2f01-ae596e000000
Time:2024-05-24T17:40:04.2516596Z
ErrorCode:InvalidQueryParameterValue
queryparametername:snapshot
queryparametervalue:akash123
Content: <?xml version="1.0" encoding="utf-8"?>
<Error><Code>InvalidQueryParameterValue</Code><Message>Value for one of the query parameters specified in the request URI is invalid.
RequestId:dc43176e-d01e-0019-2f01-ae596e000000
Time:2024-05-24T17:40:04.2516596Z</Message><QueryParameterName>snapshot</QueryParameterName><QueryParameterValue>akash123</QueryParameterValue></Error> 
2024-05-24 23:10:04,235 - INFO - Function update_bar_chart_from_blob successfully Return blob_list with flag 1
2024-05-24 23:10:04,235 - INFO - User akash123 logged in successfully with flag 1
2024-05-24 23:10:04,583 - INFO - Function update_bar_chart_from_blob successfully Return blob_list with flag 1
2024-05-24 23:10:05,206 - INFO - table_update route successfully send data with flag 1
2024-05-24 23:10:10,174 - INFO - table_update route successfully send data with flag 1
2024-05-24 23:10:13,766 - INFO - Function update_bar_chart_from_blob successfully Return blob_list with flag 1
2024-05-24 23:10:15,175 - INFO - table_update route successfully send data with flag 1
2024-05-24 23:10:18,539 - INFO - Function update_bar_chart_from_blob successfully Return blob_list with flag 1
2024-05-24 23:10:18,540 - INFO - Function update_when_file_delete Data Loaded Successfully with flag 1
2024-05-24 23:10:18,540 - INFO - Cogni_button route succeeded with flag 1
2024-05-24 23:10:20,178 - INFO - table_update route successfully send data with flag 1
2024-05-24 23:10:22,751 - INFO - Cogservice_Value_Updated route Value updated successfully: 1
2024-05-24 23:11:07,727 - INFO - summary_input route succeeded with flag 1
