2024-05-25 21:45:26,614 - INFO - Function create_or_pass_folder error with flag 0 -- Function create_or_pass_folder error is::Value for one of the query parameters specified in the request URI is invalid.
RequestId:d9e51d48-101e-0040-61be-ae5ce8000000
Time:2024-05-25T16:15:27.2508595Z
ErrorCode:InvalidQueryParameterValue
queryparametername:snapshot
queryparametervalue:akash123
Content: <?xml version="1.0" encoding="utf-8"?>
<Error><Code>InvalidQueryParameterValue</Code><Message>Value for one of the query parameters specified in the request URI is invalid.
RequestId:d9e51d48-101e-0040-61be-ae5ce8000000
Time:2024-05-25T16:15:27.2508595Z</Message><QueryParameterName>snapshot</QueryParameterName><QueryParameterValue>akash123</QueryParameterValue></Error>
2024-05-25 21:45:26,615 - INFO - Function create_or_pass_folder Error creating folder'akash123': Value for one of the query parameters specified in the request URI is invalid.
RequestId:d9e51d48-101e-0040-61be-ae5ce8000000
Time:2024-05-25T16:15:27.2508595Z
ErrorCode:InvalidQueryParameterValue
queryparametername:snapshot
queryparametervalue:akash123
Content: <?xml version="1.0" encoding="utf-8"?>
<Error><Code>InvalidQueryParameterValue</Code><Message>Value for one of the query parameters specified in the request URI is invalid.
RequestId:d9e51d48-101e-0040-61be-ae5ce8000000
Time:2024-05-25T16:15:27.2508595Z</Message><QueryParameterName>snapshot</QueryParameterName><QueryParameterValue>akash123</QueryParameterValue></Error> 
2024-05-25 21:45:27,222 - INFO - Function update_bar_chart_from_blob successfully Return blob_list with flag 1
2024-05-25 21:45:27,222 - INFO - User akash123 logged in successfully with flag 1
2024-05-25 21:45:27,882 - INFO - Function update_bar_chart_from_blob successfully Return blob_list with flag 1
2024-05-25 21:45:32,429 - INFO - table_update route successfully send data with flag 1
2024-05-25 21:45:38,041 - INFO - table_update route successfully send data with flag 1
2024-05-25 21:45:43,033 - INFO - table_update route successfully send data with flag 1
2024-05-25 21:45:48,026 - INFO - table_update route successfully send data with flag 1
2024-05-25 21:45:53,036 - INFO - table_update route successfully send data with flag 1
2024-05-25 21:45:58,029 - INFO - table_update route successfully send data with flag 1
2024-05-25 21:46:03,028 - INFO - table_update route successfully send data with flag 1
2024-05-25 21:46:07,652 - INFO - table_update route successfully send data with flag 1
2024-05-25 21:46:11,934 - INFO - table_update route successfully send data with flag 1
2024-05-25 21:46:13,304 - INFO - Route Eda_Process File name recieve
2024-05-25 21:46:14,194 - INFO - Route Eda_Process Data Loaded Successfuly.
2024-05-25 21:51:17,577 - INFO - table_update route successfully send data with flag 1
2024-05-25 21:51:19,974 - INFO - Route Eda_Process File name recieve
2024-05-25 21:51:20,884 - INFO - Route Eda_Process Data Loaded Successfuly.
