2024-05-24 23:58:51,564 - INFO - Function create_or_pass_folder error with flag 0 -- Function create_or_pass_folder error is::Value for one of the query parameters specified in the request URI is invalid.
RequestId:f085256e-001e-0054-1f08-ae9f8c000000
Time:2024-05-24T18:28:51.9202207Z
ErrorCode:InvalidQueryParameterValue
queryparametername:snapshot
queryparametervalue:akash123
Content: <?xml version="1.0" encoding="utf-8"?>
<Error><Code>InvalidQueryParameterValue</Code><Message>Value for one of the query parameters specified in the request URI is invalid.
RequestId:f085256e-001e-0054-1f08-ae9f8c000000
Time:2024-05-24T18:28:51.9202207Z</Message><QueryParameterName>snapshot</QueryParameterName><QueryParameterValue>akash123</QueryParameterValue></Error>
2024-05-24 23:58:51,565 - INFO - Function create_or_pass_folder Error creating folder'akash123': Value for one of the query parameters specified in the request URI is invalid.
RequestId:f085256e-001e-0054-1f08-ae9f8c000000
Time:2024-05-24T18:28:51.9202207Z
ErrorCode:InvalidQueryParameterValue
queryparametername:snapshot
queryparametervalue:akash123
Content: <?xml version="1.0" encoding="utf-8"?>
<Error><Code>InvalidQueryParameterValue</Code><Message>Value for one of the query parameters specified in the request URI is invalid.
RequestId:f085256e-001e-0054-1f08-ae9f8c000000
Time:2024-05-24T18:28:51.9202207Z</Message><QueryParameterName>snapshot</QueryParameterName><QueryParameterValue>akash123</QueryParameterValue></Error> 
2024-05-24 23:58:51,861 - INFO - Function update_bar_chart_from_blob successfully Return blob_list with flag 1
2024-05-24 23:58:51,861 - INFO - User akash123 logged in successfully with flag 1
2024-05-24 23:58:52,172 - INFO - Function update_bar_chart_from_blob successfully Return blob_list with flag 1
2024-05-24 23:58:52,771 - INFO - table_update route successfully send data with flag 1
2024-05-24 23:58:57,774 - INFO - table_update route successfully send data with flag 1
2024-05-24 23:59:02,450 - INFO - Function update_bar_chart_from_blob successfully Return blob_list with flag 1
2024-05-24 23:59:02,871 - INFO - table_update route successfully send data with flag 1
2024-05-24 23:59:07,317 - INFO - Function update_bar_chart_from_blob successfully Return blob_list with flag 1
2024-05-24 23:59:07,318 - INFO - Function update_when_file_delete Data Loaded Successfully with flag 1
2024-05-24 23:59:07,318 - INFO - Cogni_button route succeeded with flag 1
2024-05-24 23:59:07,781 - INFO - table_update route successfully send data with flag 1
2024-05-24 23:59:12,777 - INFO - table_update route successfully send data with flag 1
2024-05-24 23:59:22,592 - INFO - ask_question route successfully send data. 1 
2024-05-24 23:59:35,444 - INFO - clear_chat for ask_question route Chat history cleared successfully with flag 1
