2024-05-24 19:26:11,402 - INFO - Function create_or_pass_folder error with flag 0 -- Function create_or_pass_folder error is::Value for one of the query parameters specified in the request URI is invalid.
RequestId:4b2ad761-b01e-0002-6de2-ad77fc000000
Time:2024-05-24T13:56:11.2370670Z
ErrorCode:InvalidQueryParameterValue
queryparametername:snapshot
queryparametervalue:akash123
Content: <?xml version="1.0" encoding="utf-8"?>
<Error><Code>InvalidQueryParameterValue</Code><Message>Value for one of the query parameters specified in the request URI is invalid.
RequestId:4b2ad761-b01e-0002-6de2-ad77fc000000
Time:2024-05-24T13:56:11.2370670Z</Message><QueryParameterName>snapshot</QueryParameterName><QueryParameterValue>akash123</QueryParameterValue></Error>
2024-05-24 19:26:11,402 - INFO - Function create_or_pass_folder Error creating folder'akash123': Value for one of the query parameters specified in the request URI is invalid.
RequestId:4b2ad761-b01e-0002-6de2-ad77fc000000
Time:2024-05-24T13:56:11.2370670Z
ErrorCode:InvalidQueryParameterValue
queryparametername:snapshot
queryparametervalue:akash123
Content: <?xml version="1.0" encoding="utf-8"?>
<Error><Code>InvalidQueryParameterValue</Code><Message>Value for one of the query parameters specified in the request URI is invalid.
RequestId:4b2ad761-b01e-0002-6de2-ad77fc000000
Time:2024-05-24T13:56:11.2370670Z</Message><QueryParameterName>snapshot</QueryParameterName><QueryParameterValue>akash123</QueryParameterValue></Error> 
2024-05-24 19:26:11,685 - INFO - Function update_bar_chart_from_blob successfully Return blob_list with flag 1
2024-05-24 19:26:11,685 - INFO - User akash123 logged in successfully with flag 1
2024-05-24 19:26:11,984 - INFO - Function update_bar_chart_from_blob successfully Return blob_list with flag 1
2024-05-24 19:26:12,595 - INFO - table_update route successfully send data with flag 1
2024-05-24 19:26:17,662 - INFO - table_update route successfully send data with flag 1
2024-05-24 19:26:22,591 - INFO - table_update route successfully send data with flag 1
2024-05-24 19:26:25,662 - INFO - Function update_bar_chart_from_blob successfully Return blob_list with flag 1
2024-05-24 19:26:27,608 - INFO - table_update route successfully send data with flag 1
2024-05-24 19:26:30,367 - INFO - Function update_bar_chart_from_blob successfully Return blob_list with flag 1
2024-05-24 19:26:30,367 - INFO - Function update_when_file_delete Data Loaded Successfully with flag 1
2024-05-24 19:26:30,367 - INFO - Cogni_button route succeeded with flag 1
2024-05-24 19:26:32,638 - INFO - table_update route successfully send data with flag 1
2024-05-24 19:26:47,627 - INFO - ask_question route successfully send data. 1 
