2024-05-25 19:36:22,541 - INFO - Function update_bar_chart_from_blob successfully Return blob_list with flag 1
2024-05-25 19:36:23,533 - INFO - table_update route successfully send data with flag 1
2024-05-25 19:36:23,945 - INFO - Function create_or_pass_folder error with flag 0 -- Function create_or_pass_folder error is::Value for one of the query parameters specified in the request URI is invalid.
RequestId:07285f52-501e-0047-4fac-aeaa6d000000
Time:2024-05-25T14:06:24.2547834Z
ErrorCode:InvalidQueryParameterValue
queryparametername:snapshot
queryparametervalue:akash123
Content: <?xml version="1.0" encoding="utf-8"?>
<Error><Code>InvalidQueryParameterValue</Code><Message>Value for one of the query parameters specified in the request URI is invalid.
RequestId:07285f52-501e-0047-4fac-aeaa6d000000
Time:2024-05-25T14:06:24.2547834Z</Message><QueryParameterName>snapshot</QueryParameterName><QueryParameterValue>akash123</QueryParameterValue></Error>
2024-05-25 19:36:23,946 - INFO - Function create_or_pass_folder Error creating folder'akash123': Value for one of the query parameters specified in the request URI is invalid.
RequestId:07285f52-501e-0047-4fac-aeaa6d000000
Time:2024-05-25T14:06:24.2547834Z
ErrorCode:InvalidQueryParameterValue
queryparametername:snapshot
queryparametervalue:akash123
Content: <?xml version="1.0" encoding="utf-8"?>
<Error><Code>InvalidQueryParameterValue</Code><Message>Value for one of the query parameters specified in the request URI is invalid.
RequestId:07285f52-501e-0047-4fac-aeaa6d000000
Time:2024-05-25T14:06:24.2547834Z</Message><QueryParameterName>snapshot</QueryParameterName><QueryParameterValue>akash123</QueryParameterValue></Error> 
2024-05-25 19:36:24,536 - INFO - Function update_bar_chart_from_blob successfully Return blob_list with flag 1
2024-05-25 19:36:24,536 - INFO - User akash123 logged in successfully with flag 1
2024-05-25 19:36:29,530 - INFO - table_update route successfully send data with flag 1
2024-05-25 19:36:30,833 - INFO - Route Eda_Process File name recieve
2024-05-25 19:36:31,732 - INFO - Error in Eda_Process with flag 0 -- Eda_Process route error is::Object of type DataFrame is not JSON serializable
