2024-05-25 17:43:00,395 - INFO - Function create_or_pass_folder error with flag 0 -- Function create_or_pass_folder error is::Value for one of the query parameters specified in the request URI is invalid.
RequestId:d4dc4536-e01e-0038-2f9c-ae345f000000
Time:2024-05-25T12:13:00.4383661Z
ErrorCode:InvalidQueryParameterValue
queryparametername:snapshot
queryparametervalue:akash123
Content: <?xml version="1.0" encoding="utf-8"?>
<Error><Code>InvalidQueryParameterValue</Code><Message>Value for one of the query parameters specified in the request URI is invalid.
RequestId:d4dc4536-e01e-0038-2f9c-ae345f000000
Time:2024-05-25T12:13:00.4383661Z</Message><QueryParameterName>snapshot</QueryParameterName><QueryParameterValue>akash123</QueryParameterValue></Error>
2024-05-25 17:43:00,396 - INFO - Function create_or_pass_folder Error creating folder'akash123': Value for one of the query parameters specified in the request URI is invalid.
RequestId:d4dc4536-e01e-0038-2f9c-ae345f000000
Time:2024-05-25T12:13:00.4383661Z
ErrorCode:InvalidQueryParameterValue
queryparametername:snapshot
queryparametervalue:akash123
Content: <?xml version="1.0" encoding="utf-8"?>
<Error><Code>InvalidQueryParameterValue</Code><Message>Value for one of the query parameters specified in the request URI is invalid.
RequestId:d4dc4536-e01e-0038-2f9c-ae345f000000
Time:2024-05-25T12:13:00.4383661Z</Message><QueryParameterName>snapshot</QueryParameterName><QueryParameterValue>akash123</QueryParameterValue></Error> 
2024-05-25 17:43:00,964 - INFO - Function update_bar_chart_from_blob successfully Return blob_list with flag 1
2024-05-25 17:43:00,964 - INFO - User akash123 logged in successfully with flag 1
2024-05-25 17:43:01,567 - INFO - Function update_bar_chart_from_blob successfully Return blob_list with flag 1
2024-05-25 17:43:02,807 - INFO - table_update route successfully send data with flag 1
2024-05-25 17:43:07,795 - INFO - table_update route successfully send data with flag 1
2024-05-25 17:43:12,810 - INFO - table_update route successfully send data with flag 1
2024-05-25 17:43:13,906 - INFO - Function update_bar_chart_from_blob successfully Return blob_list with flag 1
2024-05-25 17:43:21,913 - INFO - Function update_bar_chart_from_blob successfully Return blob_list with flag 1
2024-05-25 17:43:21,913 - INFO - Function update_when_file_delete Data Loaded Successfully with flag 1
2024-05-25 17:43:21,914 - INFO - Cogni_button route succeeded with flag 1
