2024-05-24 22:44:18,385 - INFO - Function create_or_pass_folder error with flag 0 -- Function create_or_pass_folder error is::Value for one of the query parameters specified in the request URI is invalid.
RequestId:690ed2eb-f01e-000e-3bfd-ad990d000000
Time:2024-05-24T17:14:18.7602978Z
ErrorCode:InvalidQueryParameterValue
queryparametername:snapshot
queryparametervalue:akash123
Content: <?xml version="1.0" encoding="utf-8"?>
<Error><Code>InvalidQueryParameterValue</Code><Message>Value for one of the query parameters specified in the request URI is invalid.
RequestId:690ed2eb-f01e-000e-3bfd-ad990d000000
Time:2024-05-24T17:14:18.7602978Z</Message><QueryParameterName>snapshot</QueryParameterName><QueryParameterValue>akash123</QueryParameterValue></Error>
2024-05-24 22:44:18,385 - INFO - Function create_or_pass_folder Error creating folder'akash123': Value for one of the query parameters specified in the request URI is invalid.
RequestId:690ed2eb-f01e-000e-3bfd-ad990d000000
Time:2024-05-24T17:14:18.7602978Z
ErrorCode:InvalidQueryParameterValue
queryparametername:snapshot
queryparametervalue:akash123
Content: <?xml version="1.0" encoding="utf-8"?>
<Error><Code>InvalidQueryParameterValue</Code><Message>Value for one of the query parameters specified in the request URI is invalid.
RequestId:690ed2eb-f01e-000e-3bfd-ad990d000000
Time:2024-05-24T17:14:18.7602978Z</Message><QueryParameterName>snapshot</QueryParameterName><QueryParameterValue>akash123</QueryParameterValue></Error> 
2024-05-24 22:44:18,685 - INFO - Function update_bar_chart_from_blob successfully Return blob_list with flag 1
2024-05-24 22:44:18,686 - INFO - User akash123 logged in successfully with flag 1
2024-05-24 22:44:18,991 - INFO - Function update_bar_chart_from_blob successfully Return blob_list with flag 1
2024-05-24 22:44:19,753 - INFO - table_update route successfully send data with flag 1
2024-05-24 22:44:24,764 - INFO - table_update route successfully send data with flag 1
2024-05-24 22:44:29,775 - INFO - table_update route successfully send data with flag 1
2024-05-24 22:44:31,744 - INFO - Function update_bar_chart_from_blob successfully Return blob_list with flag 1
2024-05-24 22:44:34,752 - INFO - table_update route successfully send data with flag 1
2024-05-24 22:44:36,789 - INFO - Function update_bar_chart_from_blob successfully Return blob_list with flag 1
2024-05-24 22:44:36,789 - INFO - Function update_when_file_delete Data Loaded Successfully with flag 1
2024-05-24 22:44:36,789 - INFO - Cogni_button route succeeded with flag 1
2024-05-24 22:44:46,419 - INFO - ask_question route successfully send data. 1 
