2024-05-25 19:36:21,355 - INFO - Function create_or_pass_folder error with flag 0 -- Function create_or_pass_folder error is::Value for one of the query parameters specified in the request URI is invalid.
RequestId:458c87c0-d01e-0074-7fac-aef340000000
Time:2024-05-25T14:06:21.6586038Z
ErrorCode:InvalidQueryParameterValue
queryparametername:snapshot
queryparametervalue:akash123
Content: <?xml version="1.0" encoding="utf-8"?>
<Error><Code>InvalidQueryParameterValue</Code><Message>Value for one of the query parameters specified in the request URI is invalid.
RequestId:458c87c0-d01e-0074-7fac-aef340000000
Time:2024-05-25T14:06:21.6586038Z</Message><QueryParameterName>snapshot</QueryParameterName><QueryParameterValue>akash123</QueryParameterValue></Error>
2024-05-25 19:36:21,356 - INFO - Function create_or_pass_folder Error creating folder'akash123': Value for one of the query parameters specified in the request URI is invalid.
RequestId:458c87c0-d01e-0074-7fac-aef340000000
Time:2024-05-25T14:06:21.6586038Z
ErrorCode:InvalidQueryParameterValue
queryparametername:snapshot
queryparametervalue:akash123
Content: <?xml version="1.0" encoding="utf-8"?>
<Error><Code>InvalidQueryParameterValue</Code><Message>Value for one of the query parameters specified in the request URI is invalid.
RequestId:458c87c0-d01e-0074-7fac-aef340000000
Time:2024-05-25T14:06:21.6586038Z</Message><QueryParameterName>snapshot</QueryParameterName><QueryParameterValue>akash123</QueryParameterValue></Error> 
2024-05-25 19:36:21,933 - INFO - Function update_bar_chart_from_blob successfully Return blob_list with flag 1
2024-05-25 19:36:21,934 - INFO - User akash123 logged in successfully with flag 1
