2024-05-23 15:57:06,036 - INFO - Function create_or_pass_folder error with flag 0 -- Function create_or_pass_folder error is::Value for one of the query parameters specified in the request URI is invalid.
RequestId:12e4b905-601e-0029-65fb-ac0344000000
Time:2024-05-23T10:27:05.2578501Z
ErrorCode:InvalidQueryParameterValue
queryparametername:snapshot
queryparametervalue:asif24
Content: <?xml version="1.0" encoding="utf-8"?>
<Error><Code>InvalidQueryParameterValue</Code><Message>Value for one of the query parameters specified in the request URI is invalid.
RequestId:12e4b905-601e-0029-65fb-ac0344000000
Time:2024-05-23T10:27:05.2578501Z</Message><QueryParameterName>snapshot</QueryParameterName><QueryParameterValue>asif24</QueryParameterValue></Error>
2024-05-23 15:57:06,036 - INFO - Function create_or_pass_folder Error creating folder'asif24': Value for one of the query parameters specified in the request URI is invalid.
RequestId:12e4b905-601e-0029-65fb-ac0344000000
Time:2024-05-23T10:27:05.2578501Z
ErrorCode:InvalidQueryParameterValue
queryparametername:snapshot
queryparametervalue:asif24
Content: <?xml version="1.0" encoding="utf-8"?>
<Error><Code>InvalidQueryParameterValue</Code><Message>Value for one of the query parameters specified in the request URI is invalid.
RequestId:12e4b905-601e-0029-65fb-ac0344000000
Time:2024-05-23T10:27:05.2578501Z</Message><QueryParameterName>snapshot</QueryParameterName><QueryParameterValue>asif24</QueryParameterValue></Error> 
2024-05-23 15:57:06,631 - INFO - Function update_bar_chart_from_blob successfully Return blob_list with flag 1
2024-05-23 15:57:06,631 - INFO - User asif24 logged in successfully with flag 1
2024-05-23 15:57:07,264 - INFO - Function update_bar_chart_from_blob successfully Return blob_list with flag 1
2024-05-23 15:57:08,740 - INFO - table_update route successfully send data with flag 1
2024-05-23 15:57:13,694 - INFO - table_update route successfully send data with flag 1
2024-05-23 15:57:18,702 - INFO - table_update route successfully send data with flag 1
2024-05-23 15:57:19,282 - INFO - Function update_bar_chart_from_blob successfully Return blob_list with flag 1
2024-05-23 15:57:20,282 - INFO - Function update_bar_chart_from_blob successfully Return blob_list with flag 1
2024-05-23 15:57:20,450 - INFO - Function update_when_file_delete error with flag 0 -- Function update_when_file_delete error is::Check the url of your file; returned status code 404
2024-05-23 15:57:21,015 - INFO - Function update_bar_chart_from_blob successfully Return blob_list with flag 1
2024-05-23 15:57:21,015 - INFO - delete for delete/<file_name> route deleted successfully with flag 1
2024-05-23 15:57:21,615 - INFO - table_update route successfully send data with flag 1
2024-05-23 15:57:23,822 - INFO - table_update route successfully send data with flag 1
2024-05-23 15:57:25,310 - INFO - Function update_bar_chart_from_blob successfully Return blob_list with flag 1
2024-05-23 15:57:25,396 - INFO - Function update_bar_chart_from_blob successfully Return blob_list with flag 1
2024-05-23 15:57:26,411 - INFO - Function update_when_file_delete error with flag 0 -- Function update_when_file_delete error is::Check the url of your file; returned status code 404
2024-05-23 15:57:26,537 - INFO - Function update_when_file_delete error with flag 0 -- Function update_when_file_delete error is::Check the url of your file; returned status code 404
2024-05-23 15:57:27,025 - INFO - Function update_bar_chart_from_blob successfully Return blob_list with flag 1
2024-05-23 15:57:27,031 - INFO - delete for delete/<file_name> route deleted successfully with flag 1
2024-05-23 15:57:27,131 - INFO - Function update_bar_chart_from_blob successfully Return blob_list with flag 1
2024-05-23 15:57:27,131 - INFO - delete for delete/<file_name> route deleted successfully with flag 1
2024-05-23 15:57:27,611 - INFO - table_update route successfully send data with flag 1
2024-05-23 15:57:28,161 - INFO - Function update_bar_chart_from_blob successfully Return blob_list with flag 1
2024-05-23 15:57:28,261 - INFO - table_update route successfully send data with flag 1
2024-05-23 15:57:28,862 - INFO - table_update route successfully send data with flag 1
2024-05-23 15:57:28,942 - INFO - Function update_bar_chart_from_blob successfully Return blob_list with flag 1
2024-05-23 15:57:29,358 - INFO - Function update_when_file_delete error with flag 0 -- Function update_when_file_delete error is::Check the url of your file; returned status code 404
2024-05-23 15:57:29,951 - INFO - Function update_bar_chart_from_blob successfully Return blob_list with flag 1
2024-05-23 15:57:29,951 - INFO - delete for delete/<file_name> route deleted successfully with flag 1
2024-05-23 15:57:30,613 - INFO - table_update route successfully send data with flag 1
2024-05-23 15:57:33,327 - INFO - Function update_bar_chart_from_blob successfully Return blob_list with flag 1
2024-05-23 15:57:33,726 - INFO - table_update route successfully send data with flag 1
2024-05-23 15:57:37,941 - INFO - Function update_bar_chart_from_blob successfully Return blob_list with flag 1
2024-05-23 15:57:37,941 - INFO - Function update_when_file_delete Data Loaded Successfully with flag 1
2024-05-23 15:57:38,507 - INFO - Function update_bar_chart_from_blob successfully Return blob_list with flag 1
2024-05-23 15:57:38,507 - INFO - delete for delete/<file_name> route deleted successfully with flag 1
2024-05-23 15:57:38,674 - INFO - table_update route successfully send data with flag 1
2024-05-23 15:57:39,257 - INFO - table_update route successfully send data with flag 1
2024-05-23 15:57:43,721 - INFO - table_update route successfully send data with flag 1
2024-05-23 15:57:48,690 - INFO - table_update route successfully send data with flag 1
2024-05-23 15:57:53,754 - INFO - table_update route successfully send data with flag 1
2024-05-23 15:57:57,701 - INFO - Function update_bar_chart_from_blob successfully Return blob_list with flag 1
2024-05-23 15:57:58,684 - INFO - table_update route successfully send data with flag 1
2024-05-23 15:58:02,153 - INFO - Function update_bar_chart_from_blob successfully Return blob_list with flag 1
2024-05-23 15:58:03,697 - INFO - table_update route successfully send data with flag 1
2024-05-23 15:58:07,098 - INFO - Function update_bar_chart_from_blob successfully Return blob_list with flag 1
2024-05-23 15:58:07,098 - INFO - Function update_when_file_delete Data Loaded Successfully with flag 1
2024-05-23 15:58:07,098 - INFO - Cogni_button route succeeded with flag 1
2024-05-23 15:58:08,762 - INFO - table_update route successfully send data with flag 1
2024-05-23 15:58:13,662 - INFO - table_update route successfully send data with flag 1
2024-05-23 15:58:18,695 - INFO - table_update route successfully send data with flag 1
2024-05-23 15:58:23,659 - INFO - table_update route successfully send data with flag 1
2024-05-23 15:58:27,160 - INFO - Route fetch_pdf_files success
2024-05-23 15:58:27,876 - INFO - table_update route successfully send data with flag 1
2024-05-23 15:58:28,958 - INFO - table_update route successfully send data with flag 1
2024-05-23 15:58:30,722 - INFO - Route fetch_pdf_files success
2024-05-23 15:58:31,531 - INFO - table_update route successfully send data with flag 1
2024-05-23 15:58:34,906 - INFO - table_update route successfully send data with flag 1
2024-05-23 15:58:36,556 - INFO - table_update route successfully send data with flag 1
2024-05-23 15:58:37,071 - INFO - Function delete_file success with flag 1
2024-05-23 15:58:37,071 - INFO - Function delete_file success with flag 1
2024-05-23 15:58:37,071 - INFO - Function delete_file success with flag 1
2024-05-23 15:58:38,954 - INFO - table_update route successfully send data with flag 1
2024-05-23 15:58:43,679 - INFO - table_update route successfully send data with flag 1
2024-05-23 15:58:44,196 - INFO - Route download_progress success
2024-05-23 15:58:48,853 - INFO - table_update route successfully send data with flag 1
2024-05-23 15:58:52,936 - INFO - Route download_progress success
2024-05-23 15:58:54,385 - INFO - table_update route successfully send data with flag 1
2024-05-23 15:58:58,769 - INFO - table_update route successfully send data with flag 1
2024-05-23 15:58:59,474 - INFO - Route download_progress success
2024-05-23 15:58:59,482 - INFO - webcrawler route successfull with flag 1
2024-05-23 15:59:03,935 - INFO - table_update route successfully send data with flag 1
2024-05-23 15:59:05,474 - INFO - Route fetch_pdf_files success
2024-05-23 15:59:06,210 - INFO - table_update route successfully send data with flag 1
2024-05-23 15:59:08,764 - INFO - Function delete_file success with flag 1
2024-05-23 15:59:08,779 - INFO - Function delete_file success with flag 1
2024-05-23 15:59:08,782 - INFO - Function delete_file success with flag 1
2024-05-23 15:59:09,374 - INFO - table_update route successfully send data with flag 1
