2024-05-23 17:54:09,950 - INFO - Function create_or_pass_folder error with flag 0 -- Function create_or_pass_folder error is::Value for one of the query parameters specified in the request URI is invalid.
RequestId:d5eeba81-e01e-0055-4f0c-ad9e71000000
Time:2024-05-23T12:24:08.7864172Z
ErrorCode:InvalidQueryParameterValue
queryparametername:snapshot
queryparametervalue:asif24
Content: <?xml version="1.0" encoding="utf-8"?>
<Error><Code>InvalidQueryParameterValue</Code><Message>Value for one of the query parameters specified in the request URI is invalid.
RequestId:d5eeba81-e01e-0055-4f0c-ad9e71000000
Time:2024-05-23T12:24:08.7864172Z</Message><QueryParameterName>snapshot</QueryParameterName><QueryParameterValue>asif24</QueryParameterValue></Error>
2024-05-23 17:54:09,950 - INFO - Function create_or_pass_folder Error creating folder'asif24': Value for one of the query parameters specified in the request URI is invalid.
RequestId:d5eeba81-e01e-0055-4f0c-ad9e71000000
Time:2024-05-23T12:24:08.7864172Z
ErrorCode:InvalidQueryParameterValue
queryparametername:snapshot
queryparametervalue:asif24
Content: <?xml version="1.0" encoding="utf-8"?>
<Error><Code>InvalidQueryParameterValue</Code><Message>Value for one of the query parameters specified in the request URI is invalid.
RequestId:d5eeba81-e01e-0055-4f0c-ad9e71000000
Time:2024-05-23T12:24:08.7864172Z</Message><QueryParameterName>snapshot</QueryParameterName><QueryParameterValue>asif24</QueryParameterValue></Error> 
2024-05-23 17:54:10,565 - INFO - Function update_bar_chart_from_blob successfully Return blob_list with flag 1
2024-05-23 17:54:10,565 - INFO - User asif24 logged in successfully with flag 1
2024-05-23 17:54:11,277 - INFO - Function update_bar_chart_from_blob successfully Return blob_list with flag 1
2024-05-23 17:54:12,890 - INFO - table_update route successfully send data with flag 1
2024-05-23 17:54:17,692 - INFO - table_update route successfully send data with flag 1
2024-05-23 17:54:22,696 - INFO - table_update route successfully send data with flag 1
2024-05-23 17:54:27,694 - INFO - table_update route successfully send data with flag 1
2024-05-23 17:54:32,693 - INFO - table_update route successfully send data with flag 1
2024-05-23 17:54:37,758 - INFO - table_update route successfully send data with flag 1
2024-05-23 17:54:43,023 - INFO - table_update route successfully send data with flag 1
2024-05-23 17:54:47,696 - INFO - table_update route successfully send data with flag 1
2024-05-23 17:54:52,686 - INFO - table_update route successfully send data with flag 1
2024-05-23 17:54:57,719 - INFO - table_update route successfully send data with flag 1
2024-05-23 17:55:02,699 - INFO - table_update route successfully send data with flag 1
2024-05-23 17:55:07,724 - INFO - table_update route successfully send data with flag 1
2024-05-23 17:55:12,747 - INFO - table_update route successfully send data with flag 1
2024-05-23 17:55:18,156 - INFO - table_update route successfully send data with flag 1
2024-05-23 17:55:22,834 - INFO - table_update route successfully send data with flag 1
2024-05-23 17:55:28,305 - INFO - table_update route successfully send data with flag 1
2024-05-23 17:55:33,847 - INFO - table_update route successfully send data with flag 1
2024-05-23 17:55:37,692 - INFO - table_update route successfully send data with flag 1
2024-05-23 17:55:43,513 - INFO - table_update route successfully send data with flag 1
2024-05-23 17:55:47,850 - INFO - table_update route successfully send data with flag 1
2024-05-23 17:55:53,230 - INFO - table_update route successfully send data with flag 1
2024-05-23 17:55:58,386 - INFO - table_update route successfully send data with flag 1
2024-05-23 17:56:02,728 - INFO - table_update route successfully send data with flag 1
2024-05-23 17:56:07,688 - INFO - table_update route successfully send data with flag 1
2024-05-23 17:56:12,709 - INFO - table_update route successfully send data with flag 1
2024-05-23 17:56:17,717 - INFO - table_update route successfully send data with flag 1
2024-05-23 17:56:22,668 - INFO - table_update route successfully send data with flag 1
2024-05-23 17:56:28,290 - INFO - table_update route successfully send data with flag 1
2024-05-23 17:56:32,707 - INFO - table_update route successfully send data with flag 1
2024-05-23 17:56:34,767 - INFO - table_update route successfully send data with flag 1
2024-05-23 17:56:37,829 - INFO - Route Eda_Process File name recieve
2024-05-23 17:56:38,729 - INFO - Route Eda_Process Data Loaded Successfuly.
2024-05-23 17:56:41,451 - INFO - Route Eda_Process File name recieve
2024-05-23 17:56:41,451 - INFO - Route Eda_Process Question received.
2024-05-23 17:56:50,360 - INFO - Route Eda_Process output received.
2024-05-23 17:56:50,360 - INFO - Processed Successfully in Eda_Process with flag 1
2024-05-23 17:57:01,729 - INFO - table_update route successfully send data with flag 1
2024-05-23 17:57:07,839 - INFO - Route Eda_Process File name recieve
2024-05-23 17:57:08,735 - INFO - Route Eda_Process Data Loaded Successfuly.
2024-05-23 17:57:12,373 - INFO - Route Eda_Process File name recieve
2024-05-23 17:57:12,373 - INFO - Route Eda_Process Question received.
2024-05-23 17:57:19,649 - INFO - Route Eda_Process output received.
2024-05-23 17:57:19,649 - INFO - Processed Successfully in Eda_Process with flag 1
2024-05-23 17:57:41,480 - INFO - table_update route successfully send data with flag 1
2024-05-23 17:57:44,325 - INFO - Route Eda_Process File name recieve
2024-05-23 17:57:47,000 - INFO - Route Eda_Process Data Loaded Successfuly.
2024-05-23 17:57:49,395 - INFO - Route Eda_Process File name recieve
2024-05-23 17:57:49,395 - INFO - Route Eda_Process Question received.
2024-05-23 17:58:00,340 - INFO - Route Eda_Process output received.
2024-05-23 17:58:00,346 - INFO - Processed Successfully in Eda_Process with flag 1
2024-05-23 18:18:43,953 - INFO - Route Eda_Process File name recieve
2024-05-23 18:18:43,957 - INFO - Route Eda_Process Question received.
2024-05-23 18:18:54,454 - INFO - Route Eda_Process output received.
2024-05-23 18:18:54,454 - INFO - Processed Successfully in Eda_Process with flag 1
