2024-05-24 12:04:35,527 - INFO - Function create_or_pass_folder error with flag 0 -- Function create_or_pass_folder error is::Value for one of the query parameters specified in the request URI is invalid.
RequestId:9365d551-c01e-0060-7aa4-ad3024000000
Time:2024-05-24T06:34:34.6901229Z
ErrorCode:InvalidQueryParameterValue
queryparametername:snapshot
queryparametervalue:asif24
Content: <?xml version="1.0" encoding="utf-8"?>
<Error><Code>InvalidQueryParameterValue</Code><Message>Value for one of the query parameters specified in the request URI is invalid.
RequestId:9365d551-c01e-0060-7aa4-ad3024000000
Time:2024-05-24T06:34:34.6901229Z</Message><QueryParameterName>snapshot</QueryParameterName><QueryParameterValue>asif24</QueryParameterValue></Error>
2024-05-24 12:04:35,528 - INFO - Function create_or_pass_folder Error creating folder'asif24': Value for one of the query parameters specified in the request URI is invalid.
RequestId:9365d551-c01e-0060-7aa4-ad3024000000
Time:2024-05-24T06:34:34.6901229Z
ErrorCode:InvalidQueryParameterValue
queryparametername:snapshot
queryparametervalue:asif24
Content: <?xml version="1.0" encoding="utf-8"?>
<Error><Code>InvalidQueryParameterValue</Code><Message>Value for one of the query parameters specified in the request URI is invalid.
RequestId:9365d551-c01e-0060-7aa4-ad3024000000
Time:2024-05-24T06:34:34.6901229Z</Message><QueryParameterName>snapshot</QueryParameterName><QueryParameterValue>asif24</QueryParameterValue></Error> 
2024-05-24 12:04:35,874 - INFO - Function update_bar_chart_from_blob successfully Return blob_list with flag 1
2024-05-24 12:04:35,874 - INFO - User asif24 logged in successfully with flag 1
2024-05-24 12:04:36,200 - INFO - Function update_bar_chart_from_blob successfully Return blob_list with flag 1
2024-05-24 12:04:38,450 - INFO - table_update route successfully send data with flag 1
2024-05-24 12:04:43,439 - INFO - table_update route successfully send data with flag 1
2024-05-24 12:04:48,424 - INFO - table_update route successfully send data with flag 1
2024-05-24 12:04:53,810 - INFO - Function upload_to_blob successfully created blob_client.url
2024-05-24 12:04:54,558 - INFO - Function upload_to_blob successfully created blob_client.url
2024-05-24 12:04:54,629 - INFO - table_update route successfully send data with flag 1
2024-05-24 12:04:55,205 - INFO - Function upload_to_blob successfully created blob_client.url
2024-05-24 12:04:55,622 - INFO - Function upload_to_blob successfully created blob_client.url
2024-05-24 12:04:56,007 - INFO - Function upload_to_blob successfully created blob_client.url
2024-05-24 12:04:56,008 - INFO - User documents uploded successfully.
2024-05-24 12:04:56,625 - INFO - Function update_bar_chart_from_blob successfully Return blob_list with flag 1
2024-05-24 12:04:56,625 - INFO - Popup_form route succeeded with flag 1
2024-05-24 12:04:58,767 - INFO - table_update route successfully send data with flag 1
2024-05-24 12:05:03,738 - INFO - table_update route successfully send data with flag 1
2024-05-24 12:05:08,729 - INFO - table_update route successfully send data with flag 1
2024-05-24 12:05:14,783 - INFO - table_update route successfully send data with flag 1
2024-05-24 12:05:19,521 - INFO - table_update route successfully send data with flag 1
2024-05-24 12:05:24,484 - INFO - table_update route successfully send data with flag 1
2024-05-24 12:05:28,713 - INFO - table_update route successfully send data with flag 1
2024-05-24 12:05:34,492 - INFO - table_update route successfully send data with flag 1
2024-05-24 12:05:39,158 - INFO - table_update route successfully send data with flag 1
2024-05-24 12:05:44,636 - INFO - table_update route successfully send data with flag 1
2024-05-24 12:05:48,734 - INFO - table_update route successfully send data with flag 1
2024-05-24 12:05:53,728 - INFO - table_update route successfully send data with flag 1
2024-05-24 12:05:58,780 - INFO - table_update route successfully send data with flag 1
2024-05-24 12:06:03,738 - INFO - table_update route successfully send data with flag 1
2024-05-24 12:06:08,844 - INFO - table_update route successfully send data with flag 1
2024-05-24 12:06:13,705 - INFO - table_update route successfully send data with flag 1
2024-05-24 12:06:18,717 - INFO - table_update route successfully send data with flag 1
2024-05-24 12:06:23,823 - INFO - table_update route successfully send data with flag 1
2024-05-24 12:06:28,718 - INFO - table_update route successfully send data with flag 1
2024-05-24 12:06:34,673 - INFO - table_update route successfully send data with flag 1
2024-05-24 12:06:38,963 - INFO - table_update route successfully send data with flag 1
2024-05-24 12:06:43,802 - INFO - table_update route successfully send data with flag 1
2024-05-24 12:06:48,811 - INFO - table_update route successfully send data with flag 1
2024-05-24 12:06:53,738 - INFO - table_update route successfully send data with flag 1
2024-05-24 12:06:58,789 - INFO - table_update route successfully send data with flag 1
2024-05-24 12:07:03,770 - INFO - table_update route successfully send data with flag 1
2024-05-24 12:07:09,451 - INFO - table_update route successfully send data with flag 1
2024-05-24 12:07:14,445 - INFO - table_update route successfully send data with flag 1
2024-05-24 12:07:19,871 - INFO - table_update route successfully send data with flag 1
2024-05-24 12:07:24,392 - INFO - table_update route successfully send data with flag 1
2024-05-24 12:07:29,525 - INFO - table_update route successfully send data with flag 1
2024-05-24 12:07:34,509 - INFO - table_update route successfully send data with flag 1
2024-05-24 12:07:39,557 - INFO - table_update route successfully send data with flag 1
2024-05-24 12:07:44,508 - INFO - table_update route successfully send data with flag 1
2024-05-24 12:07:49,405 - INFO - table_update route successfully send data with flag 1
2024-05-24 12:07:53,760 - INFO - table_update route successfully send data with flag 1
2024-05-24 12:07:58,785 - INFO - table_update route successfully send data with flag 1
2024-05-24 12:08:03,744 - INFO - table_update route successfully send data with flag 1
2024-05-24 12:08:08,808 - INFO - table_update route successfully send data with flag 1
2024-05-24 12:08:13,740 - INFO - table_update route successfully send data with flag 1
2024-05-24 12:08:19,431 - INFO - table_update route successfully send data with flag 1
2024-05-24 12:08:24,509 - INFO - table_update route successfully send data with flag 1
2024-05-24 12:08:29,580 - INFO - table_update route successfully send data with flag 1
2024-05-24 12:08:34,460 - INFO - table_update route successfully send data with flag 1
2024-05-24 12:08:39,479 - INFO - table_update route successfully send data with flag 1
2024-05-24 12:08:44,463 - INFO - table_update route successfully send data with flag 1
2024-05-24 12:08:49,412 - INFO - table_update route successfully send data with flag 1
2024-05-24 12:08:54,448 - INFO - table_update route successfully send data with flag 1
2024-05-24 12:08:59,474 - INFO - table_update route successfully send data with flag 1
2024-05-24 12:09:04,500 - INFO - table_update route successfully send data with flag 1
2024-05-24 12:09:07,218 - INFO - Function update_bar_chart_from_blob successfully Return blob_list with flag 1
2024-05-24 12:09:10,152 - INFO - table_update route successfully send data with flag 1
2024-05-24 12:09:15,806 - INFO - table_update route successfully send data with flag 1
2024-05-24 12:09:20,475 - INFO - table_update route successfully send data with flag 1
2024-05-24 12:09:25,563 - INFO - table_update route successfully send data with flag 1
2024-05-24 12:09:30,506 - INFO - table_update route successfully send data with flag 1
2024-05-24 12:09:33,958 - INFO - Function update_bar_chart_from_blob successfully Return blob_list with flag 1
2024-05-24 12:09:36,719 - INFO - table_update route successfully send data with flag 1
2024-05-24 12:09:42,418 - INFO - table_update route successfully send data with flag 1
2024-05-24 12:09:46,617 - INFO - table_update route successfully send data with flag 1
2024-05-24 12:09:52,489 - INFO - table_update route successfully send data with flag 1
2024-05-24 12:09:56,662 - INFO - table_update route successfully send data with flag 1
2024-05-24 12:10:02,716 - INFO - table_update route successfully send data with flag 1
2024-05-24 12:10:03,322 - INFO - table_update route successfully send data with flag 1
2024-05-24 12:10:06,767 - INFO - table_update route successfully send data with flag 1
2024-05-24 12:10:14,677 - INFO - table_update route successfully send data with flag 1
2024-05-24 12:10:17,524 - INFO - table_update route successfully send data with flag 1
2024-05-24 12:10:21,770 - INFO - table_update route successfully send data with flag 1
2024-05-24 12:10:26,661 - INFO - table_update route successfully send data with flag 1
2024-05-24 12:10:32,479 - INFO - table_update route successfully send data with flag 1
2024-05-24 12:10:34,246 - INFO - Route download_progress success
2024-05-24 12:10:37,498 - INFO - table_update route successfully send data with flag 1
2024-05-24 12:10:42,470 - INFO - table_update route successfully send data with flag 1
2024-05-24 12:10:44,997 - INFO - Route download_progress success
2024-05-24 12:10:47,523 - INFO - table_update route successfully send data with flag 1
2024-05-24 12:10:48,853 - INFO - Route download_progress success
2024-05-24 12:10:51,556 - INFO - Function update_bar_chart_from_blob successfully Return blob_list with flag 1
2024-05-24 12:10:52,900 - INFO - table_update route successfully send data with flag 1
2024-05-24 12:10:53,329 - INFO - table_update route successfully send data with flag 1
2024-05-24 12:10:55,806 - INFO - Route download_progress success
2024-05-24 12:10:57,758 - INFO - table_update route successfully send data with flag 1
2024-05-24 12:10:58,447 - INFO - table_update route successfully send data with flag 1
2024-05-24 12:11:03,204 - INFO - Route download_progress success
2024-05-24 12:11:03,561 - INFO - webcrawler route successfull with flag 1
2024-05-24 12:11:05,634 - INFO - table_update route successfully send data with flag 1
2024-05-24 12:11:08,991 - INFO - table_update route successfully send data with flag 1
2024-05-24 12:11:13,780 - INFO - table_update route successfully send data with flag 1
2024-05-24 12:11:17,479 - INFO - table_update route successfully send data with flag 1
2024-05-24 12:11:18,542 - INFO - table_update route successfully send data with flag 1
2024-05-24 12:11:26,544 - INFO - table_update route successfully send data with flag 1
2024-05-24 12:11:27,175 - INFO - table_update route successfully send data with flag 1
2024-05-24 12:11:29,083 - INFO - table_update route successfully send data with flag 1
2024-05-24 12:11:29,893 - INFO - table_update route successfully send data with flag 1
2024-05-24 12:11:34,214 - INFO - table_update route successfully send data with flag 1
2024-05-24 12:11:34,768 - INFO - table_update route successfully send data with flag 1
2024-05-24 12:11:37,443 - INFO - table_update route successfully send data with flag 1
2024-05-24 12:11:38,715 - INFO - table_update route successfully send data with flag 1
2024-05-24 12:11:42,403 - INFO - table_update route successfully send data with flag 1
2024-05-24 12:11:43,883 - INFO - table_update route successfully send data with flag 1
2024-05-24 12:11:47,418 - INFO - table_update route successfully send data with flag 1
2024-05-24 12:11:48,402 - INFO - table_update route successfully send data with flag 1
2024-05-24 12:11:53,148 - INFO - table_update route successfully send data with flag 1
2024-05-24 12:12:00,546 - INFO - table_update route successfully send data with flag 1
2024-05-24 12:12:03,445 - INFO - table_update route successfully send data with flag 1
2024-05-24 12:12:08,548 - INFO - table_update route successfully send data with flag 1
2024-05-24 12:12:13,546 - INFO - table_update route successfully send data with flag 1
2024-05-24 12:12:18,472 - INFO - table_update route successfully send data with flag 1
2024-05-24 12:12:31,321 - INFO - table_update route successfully send data with flag 1
2024-05-24 12:12:32,503 - INFO - table_update route successfully send data with flag 1
2024-05-24 12:12:37,772 - INFO - table_update route successfully send data with flag 1
2024-05-24 12:12:42,533 - INFO - table_update route successfully send data with flag 1
2024-05-24 12:12:54,261 - INFO - table_update route successfully send data with flag 1
2024-05-24 12:13:45,629 - INFO - table_update route successfully send data with flag 1
2024-05-24 12:14:44,635 - INFO - table_update route successfully send data with flag 1
2024-05-24 12:14:45,490 - INFO - table_update route successfully send data with flag 1
2024-05-24 12:14:47,468 - INFO - table_update route successfully send data with flag 1
2024-05-24 12:14:55,245 - INFO - table_update route successfully send data with flag 1
2024-05-24 12:14:56,573 - INFO - Function update_bar_chart_from_blob successfully Return blob_list with flag 1
2024-05-24 12:14:58,955 - INFO - table_update route successfully send data with flag 1
2024-05-24 12:15:02,655 - INFO - table_update route successfully send data with flag 1
2024-05-24 12:15:04,591 - INFO - table_update route successfully send data with flag 1
2024-05-24 12:15:08,971 - INFO - table_update route successfully send data with flag 1
2024-05-24 12:15:14,432 - INFO - table_update route successfully send data with flag 1
2024-05-24 12:15:19,680 - INFO - table_update route successfully send data with flag 1
2024-05-24 12:15:24,534 - INFO - table_update route successfully send data with flag 1
2024-05-24 12:15:29,454 - INFO - table_update route successfully send data with flag 1
2024-05-24 12:15:34,179 - INFO - table_update route successfully send data with flag 1
2024-05-24 12:15:40,585 - INFO - table_update route successfully send data with flag 1
2024-05-24 12:15:44,032 - INFO - table_update route successfully send data with flag 1
2024-05-24 12:15:50,649 - INFO - table_update route successfully send data with flag 1
2024-05-24 12:15:54,654 - INFO - table_update route successfully send data with flag 1
2024-05-24 12:15:59,604 - INFO - table_update route successfully send data with flag 1
2024-05-24 12:16:04,504 - INFO - table_update route successfully send data with flag 1
2024-05-24 12:16:09,459 - INFO - table_update route successfully send data with flag 1
2024-05-24 12:16:14,540 - INFO - table_update route successfully send data with flag 1
2024-05-24 12:16:19,497 - INFO - table_update route successfully send data with flag 1
2024-05-24 12:16:24,491 - INFO - table_update route successfully send data with flag 1
2024-05-24 12:16:29,632 - INFO - table_update route successfully send data with flag 1
2024-05-24 12:16:34,476 - INFO - table_update route successfully send data with flag 1
2024-05-24 12:16:39,476 - INFO - table_update route successfully send data with flag 1
2024-05-24 12:16:44,541 - INFO - table_update route successfully send data with flag 1
2024-05-24 12:17:30,399 - INFO - table_update route successfully send data with flag 1
2024-05-24 12:17:34,939 - INFO - table_update route successfully send data with flag 1
2024-05-24 12:17:39,034 - INFO - table_update route successfully send data with flag 1
2024-05-24 12:17:43,926 - INFO - table_update route successfully send data with flag 1
2024-05-24 12:17:48,960 - INFO - table_update route successfully send data with flag 1
2024-05-24 12:17:54,190 - INFO - table_update route successfully send data with flag 1
2024-05-24 12:17:58,944 - INFO - table_update route successfully send data with flag 1
2024-05-24 12:18:03,973 - INFO - table_update route successfully send data with flag 1
2024-05-24 12:18:08,968 - INFO - table_update route successfully send data with flag 1
2024-05-24 12:18:13,945 - INFO - table_update route successfully send data with flag 1
2024-05-24 12:18:18,930 - INFO - table_update route successfully send data with flag 1
2024-05-24 12:18:23,883 - INFO - table_update route successfully send data with flag 1
2024-05-24 12:18:32,814 - INFO - table_update route successfully send data with flag 1
2024-05-24 12:18:34,629 - INFO - table_update route successfully send data with flag 1
2024-05-24 12:18:39,517 - INFO - table_update route successfully send data with flag 1
2024-05-24 12:18:44,563 - INFO - table_update route successfully send data with flag 1
2024-05-24 12:18:49,619 - INFO - table_update route successfully send data with flag 1
2024-05-24 12:18:54,543 - INFO - table_update route successfully send data with flag 1
2024-05-24 12:18:59,460 - INFO - table_update route successfully send data with flag 1
2024-05-24 12:19:04,431 - INFO - table_update route successfully send data with flag 1
2024-05-24 12:19:09,454 - INFO - table_update route successfully send data with flag 1
2024-05-24 12:19:12,375 - INFO - Function update_bar_chart_from_blob successfully Return blob_list with flag 1
2024-05-24 12:19:14,457 - INFO - table_update route successfully send data with flag 1
2024-05-24 12:19:19,671 - INFO - table_update route successfully send data with flag 1
2024-05-24 12:19:22,411 - INFO - Function update_bar_chart_from_blob successfully Return blob_list with flag 1
2024-05-24 12:19:24,494 - INFO - table_update route successfully send data with flag 1
2024-05-24 12:19:30,553 - INFO - table_update route successfully send data with flag 1
2024-05-24 12:19:31,231 - INFO - table_update route successfully send data with flag 1
2024-05-24 12:19:32,129 - INFO - Function update_bar_chart_from_blob successfully Return blob_list with flag 1
2024-05-24 12:19:34,665 - INFO - table_update route successfully send data with flag 1
2024-05-24 12:19:36,630 - INFO - Function update_bar_chart_from_blob successfully Return blob_list with flag 1
2024-05-24 12:19:39,437 - INFO - table_update route successfully send data with flag 1
2024-05-24 12:19:44,383 - INFO - table_update route successfully send data with flag 1
2024-05-24 12:19:48,725 - INFO - Function update_bar_chart_from_blob successfully Return blob_list with flag 1
2024-05-24 12:19:49,460 - INFO - table_update route successfully send data with flag 1
2024-05-24 12:19:54,497 - INFO - table_update route successfully send data with flag 1
2024-05-24 12:19:59,520 - INFO - table_update route successfully send data with flag 1
2024-05-24 12:20:02,583 - INFO - Function update_bar_chart_from_blob successfully Return blob_list with flag 1
2024-05-24 12:20:02,583 - INFO - Function update_when_file_delete Data Loaded Successfully with flag 1
2024-05-24 12:20:02,584 - INFO - Cogni_button route succeeded with flag 1
2024-05-24 12:20:04,471 - INFO - table_update route successfully send data with flag 1
2024-05-24 12:20:14,736 - INFO - table_update route successfully send data with flag 1
2024-05-24 12:20:19,569 - INFO - table_update route successfully send data with flag 1
2024-05-24 12:20:24,467 - INFO - table_update route successfully send data with flag 1
2024-05-24 12:20:29,441 - INFO - table_update route successfully send data with flag 1
2024-05-24 12:20:34,472 - INFO - table_update route successfully send data with flag 1
2024-05-24 12:20:39,465 - INFO - table_update route successfully send data with flag 1
2024-05-24 12:20:44,513 - INFO - table_update route successfully send data with flag 1
2024-05-24 12:20:50,421 - INFO - table_update route successfully send data with flag 1
2024-05-24 12:20:54,614 - INFO - table_update route successfully send data with flag 1
2024-05-24 12:20:59,522 - INFO - table_update route successfully send data with flag 1
2024-05-24 12:21:04,449 - INFO - table_update route successfully send data with flag 1
2024-05-24 12:21:09,610 - INFO - table_update route successfully send data with flag 1
2024-05-24 12:21:15,292 - INFO - table_update route successfully send data with flag 1
2024-05-24 12:21:20,600 - INFO - table_update route successfully send data with flag 1
2024-05-24 12:21:24,572 - INFO - table_update route successfully send data with flag 1
2024-05-24 12:21:29,624 - INFO - table_update route successfully send data with flag 1
2024-05-24 12:21:45,639 - INFO - table_update route successfully send data with flag 1
