2024-05-24 10:56:26,598 - INFO - Function create_or_pass_folder error with flag 0 -- Function create_or_pass_folder error is::Value for one of the query parameters specified in the request URI is invalid.
RequestId:e9afc9ae-401e-0053-1a9a-ad6909000000
Time:2024-05-24T05:26:25.7204638Z
ErrorCode:InvalidQueryParameterValue
queryparametername:snapshot
queryparametervalue:asif24
Content: <?xml version="1.0" encoding="utf-8"?>
<Error><Code>InvalidQueryParameterValue</Code><Message>Value for one of the query parameters specified in the request URI is invalid.
RequestId:e9afc9ae-401e-0053-1a9a-ad6909000000
Time:2024-05-24T05:26:25.7204638Z</Message><QueryParameterName>snapshot</QueryParameterName><QueryParameterValue>asif24</QueryParameterValue></Error>
2024-05-24 10:56:26,598 - INFO - Function create_or_pass_folder Error creating folder'asif24': Value for one of the query parameters specified in the request URI is invalid.
RequestId:e9afc9ae-401e-0053-1a9a-ad6909000000
Time:2024-05-24T05:26:25.7204638Z
ErrorCode:InvalidQueryParameterValue
queryparametername:snapshot
queryparametervalue:asif24
Content: <?xml version="1.0" encoding="utf-8"?>
<Error><Code>InvalidQueryParameterValue</Code><Message>Value for one of the query parameters specified in the request URI is invalid.
RequestId:e9afc9ae-401e-0053-1a9a-ad6909000000
Time:2024-05-24T05:26:25.7204638Z</Message><QueryParameterName>snapshot</QueryParameterName><QueryParameterValue>asif24</QueryParameterValue></Error> 
2024-05-24 10:56:27,184 - INFO - Function update_bar_chart_from_blob successfully Return blob_list with flag 1
2024-05-24 10:56:27,184 - INFO - User asif24 logged in successfully with flag 1
2024-05-24 10:56:27,818 - INFO - Function update_bar_chart_from_blob successfully Return blob_list with flag 1
2024-05-24 10:56:29,523 - INFO - table_update route successfully send data with flag 1
2024-05-24 10:56:34,295 - INFO - table_update route successfully send data with flag 1
2024-05-24 10:56:39,327 - INFO - table_update route successfully send data with flag 1
2024-05-24 10:56:44,318 - INFO - table_update route successfully send data with flag 1
2024-05-24 10:56:49,673 - INFO - Route download_progress success
2024-05-24 10:56:50,230 - INFO - table_update route successfully send data with flag 1
2024-05-24 10:56:55,823 - INFO - table_update route successfully send data with flag 1
2024-05-24 10:56:59,970 - INFO - table_update route successfully send data with flag 1
2024-05-24 10:57:00,619 - INFO - Route download_progress success
2024-05-24 10:57:04,765 - INFO - table_update route successfully send data with flag 1
2024-05-24 10:57:07,361 - INFO - Route download_progress success
2024-05-24 10:57:09,556 - INFO - table_update route successfully send data with flag 1
2024-05-24 10:57:12,965 - INFO - table_update route successfully send data with flag 1
2024-05-24 10:57:14,252 - INFO - Route download_progress success
2024-05-24 10:57:14,411 - INFO - table_update route successfully send data with flag 1
2024-05-24 10:57:17,948 - INFO - table_update route successfully send data with flag 1
2024-05-24 10:57:19,462 - INFO - table_update route successfully send data with flag 1
2024-05-24 10:57:20,967 - INFO - Route download_progress success
2024-05-24 10:57:20,973 - INFO - webcrawler route successfull with flag 1
2024-05-24 10:57:23,263 - INFO - table_update route successfully send data with flag 1
2024-05-24 10:57:24,576 - INFO - table_update route successfully send data with flag 1
2024-05-24 10:57:29,474 - INFO - table_update route successfully send data with flag 1
2024-05-24 10:57:30,132 - INFO - table_update route successfully send data with flag 1
2024-05-24 10:57:34,647 - INFO - table_update route successfully send data with flag 1
2024-05-24 10:57:35,233 - INFO - table_update route successfully send data with flag 1
2024-05-24 10:57:38,440 - INFO - table_update route successfully send data with flag 1
2024-05-24 10:57:39,473 - INFO - table_update route successfully send data with flag 1
2024-05-24 10:57:42,963 - INFO - table_update route successfully send data with flag 1
2024-05-24 10:57:44,428 - INFO - table_update route successfully send data with flag 1
2024-05-24 10:57:49,219 - INFO - table_update route successfully send data with flag 1
2024-05-24 10:57:49,796 - INFO - table_update route successfully send data with flag 1
2024-05-24 10:57:53,448 - INFO - table_update route successfully send data with flag 1
2024-05-24 10:57:54,437 - INFO - table_update route successfully send data with flag 1
2024-05-24 10:57:58,410 - INFO - table_update route successfully send data with flag 1
2024-05-24 10:57:59,465 - INFO - table_update route successfully send data with flag 1
2024-05-24 10:58:03,461 - INFO - table_update route successfully send data with flag 1
2024-05-24 10:58:04,513 - INFO - table_update route successfully send data with flag 1
2024-05-24 10:58:08,509 - INFO - table_update route successfully send data with flag 1
2024-05-24 10:58:09,461 - INFO - table_update route successfully send data with flag 1
2024-05-24 10:58:13,469 - INFO - table_update route successfully send data with flag 1
2024-05-24 10:58:14,437 - INFO - table_update route successfully send data with flag 1
2024-05-24 10:58:18,553 - INFO - table_update route successfully send data with flag 1
2024-05-24 10:58:19,448 - INFO - table_update route successfully send data with flag 1
2024-05-24 10:58:23,475 - INFO - table_update route successfully send data with flag 1
2024-05-24 10:58:24,421 - INFO - table_update route successfully send data with flag 1
2024-05-24 10:58:28,418 - INFO - table_update route successfully send data with flag 1
2024-05-24 10:58:29,471 - INFO - table_update route successfully send data with flag 1
2024-05-24 10:58:32,943 - INFO - table_update route successfully send data with flag 1
2024-05-24 10:58:34,307 - INFO - table_update route successfully send data with flag 1
2024-05-24 10:58:38,817 - INFO - table_update route successfully send data with flag 1
2024-05-24 10:58:39,422 - INFO - table_update route successfully send data with flag 1
2024-05-24 10:58:43,445 - INFO - table_update route successfully send data with flag 1
2024-05-24 10:58:44,299 - INFO - table_update route successfully send data with flag 1
2024-05-24 10:58:48,401 - INFO - table_update route successfully send data with flag 1
2024-05-24 10:58:49,313 - INFO - table_update route successfully send data with flag 1
2024-05-24 10:58:53,413 - INFO - table_update route successfully send data with flag 1
2024-05-24 10:58:54,296 - INFO - table_update route successfully send data with flag 1
2024-05-24 10:58:58,429 - INFO - table_update route successfully send data with flag 1
2024-05-24 10:58:59,295 - INFO - table_update route successfully send data with flag 1
2024-05-24 10:59:03,417 - INFO - table_update route successfully send data with flag 1
2024-05-24 10:59:04,287 - INFO - table_update route successfully send data with flag 1
2024-05-24 10:59:08,414 - INFO - table_update route successfully send data with flag 1
2024-05-24 10:59:09,370 - INFO - table_update route successfully send data with flag 1
2024-05-24 10:59:13,497 - INFO - table_update route successfully send data with flag 1
2024-05-24 10:59:14,292 - INFO - table_update route successfully send data with flag 1
2024-05-24 10:59:18,417 - INFO - table_update route successfully send data with flag 1
2024-05-24 10:59:19,336 - INFO - table_update route successfully send data with flag 1
2024-05-24 10:59:23,481 - INFO - table_update route successfully send data with flag 1
2024-05-24 10:59:24,417 - INFO - table_update route successfully send data with flag 1
2024-05-24 10:59:28,497 - INFO - table_update route successfully send data with flag 1
2024-05-24 10:59:29,368 - INFO - table_update route successfully send data with flag 1
2024-05-24 10:59:33,449 - INFO - table_update route successfully send data with flag 1
2024-05-24 10:59:34,332 - INFO - table_update route successfully send data with flag 1
2024-05-24 10:59:39,342 - INFO - table_update route successfully send data with flag 1
2024-05-24 10:59:44,315 - INFO - table_update route successfully send data with flag 1
2024-05-24 10:59:46,335 - INFO - table_update route successfully send data with flag 1
2024-05-24 10:59:49,303 - INFO - table_update route successfully send data with flag 1
2024-05-24 10:59:54,316 - INFO - table_update route successfully send data with flag 1
2024-05-24 10:59:59,315 - INFO - table_update route successfully send data with flag 1
2024-05-24 11:00:05,176 - INFO - table_update route successfully send data with flag 1
2024-05-24 11:00:07,113 - INFO - table_update route successfully send data with flag 1
2024-05-24 11:00:09,419 - INFO - table_update route successfully send data with flag 1
2024-05-24 11:00:11,760 - INFO - table_update route successfully send data with flag 1
2024-05-24 11:00:14,427 - INFO - table_update route successfully send data with flag 1
2024-05-24 11:00:16,469 - INFO - table_update route successfully send data with flag 1
2024-05-24 11:00:19,431 - INFO - table_update route successfully send data with flag 1
2024-05-24 11:00:21,524 - INFO - table_update route successfully send data with flag 1
2024-05-24 11:00:24,469 - INFO - table_update route successfully send data with flag 1
2024-05-24 11:00:26,462 - INFO - table_update route successfully send data with flag 1
2024-05-24 11:00:29,438 - INFO - table_update route successfully send data with flag 1
2024-05-24 11:00:31,479 - INFO - table_update route successfully send data with flag 1
2024-05-24 11:00:34,438 - INFO - table_update route successfully send data with flag 1
2024-05-24 11:00:36,479 - INFO - table_update route successfully send data with flag 1
2024-05-24 11:00:39,419 - INFO - table_update route successfully send data with flag 1
2024-05-24 11:00:41,461 - INFO - table_update route successfully send data with flag 1
2024-05-24 11:00:44,441 - INFO - table_update route successfully send data with flag 1
2024-05-24 11:00:46,461 - INFO - table_update route successfully send data with flag 1
2024-05-24 11:00:47,031 - INFO - table_update route successfully send data with flag 1
2024-05-24 11:00:49,434 - INFO - table_update route successfully send data with flag 1
2024-05-24 11:00:51,458 - INFO - table_update route successfully send data with flag 1
2024-05-24 11:00:54,429 - INFO - table_update route successfully send data with flag 1
2024-05-24 11:00:56,486 - INFO - table_update route successfully send data with flag 1
2024-05-24 11:00:59,453 - INFO - table_update route successfully send data with flag 1
2024-05-24 11:01:01,495 - INFO - table_update route successfully send data with flag 1
2024-05-24 11:01:04,434 - INFO - table_update route successfully send data with flag 1
2024-05-24 11:01:06,575 - INFO - table_update route successfully send data with flag 1
2024-05-24 11:01:42,856 - INFO - table_update route successfully send data with flag 1
2024-05-24 11:01:44,904 - INFO - table_update route successfully send data with flag 1
2024-05-24 11:01:45,489 - INFO - table_update route successfully send data with flag 1
2024-05-24 11:01:46,080 - INFO - table_update route successfully send data with flag 1
2024-05-24 11:01:48,118 - INFO - table_update route successfully send data with flag 1
2024-05-24 11:01:48,715 - INFO - table_update route successfully send data with flag 1
2024-05-24 11:01:49,447 - INFO - table_update route successfully send data with flag 1
2024-05-24 11:01:51,485 - INFO - table_update route successfully send data with flag 1
2024-05-24 11:01:53,448 - INFO - table_update route successfully send data with flag 1
2024-05-24 11:01:54,560 - INFO - table_update route successfully send data with flag 1
2024-05-24 11:01:56,513 - INFO - table_update route successfully send data with flag 1
2024-05-24 11:01:57,961 - INFO - table_update route successfully send data with flag 1
2024-05-24 11:01:59,311 - INFO - table_update route successfully send data with flag 1
2024-05-24 11:02:04,349 - INFO - table_update route successfully send data with flag 1
2024-05-24 11:02:09,444 - INFO - table_update route successfully send data with flag 1
2024-05-24 11:02:14,423 - INFO - table_update route successfully send data with flag 1
2024-05-24 11:02:19,450 - INFO - table_update route successfully send data with flag 1
2024-05-24 11:02:24,428 - INFO - table_update route successfully send data with flag 1
2024-05-24 11:02:29,507 - INFO - table_update route successfully send data with flag 1
2024-05-24 11:02:34,482 - INFO - table_update route successfully send data with flag 1
2024-05-24 11:02:39,491 - INFO - table_update route successfully send data with flag 1
2024-05-24 11:02:44,412 - INFO - table_update route successfully send data with flag 1
2024-05-24 11:02:49,446 - INFO - table_update route successfully send data with flag 1
2024-05-24 11:02:54,518 - INFO - table_update route successfully send data with flag 1
2024-05-24 11:02:59,692 - INFO - table_update route successfully send data with flag 1
2024-05-24 11:03:05,204 - INFO - table_update route successfully send data with flag 1
2024-05-24 11:03:10,158 - INFO - table_update route successfully send data with flag 1
2024-05-24 11:03:45,530 - INFO - table_update route successfully send data with flag 1
2024-05-24 11:03:59,462 - INFO - table_update route successfully send data with flag 1
2024-05-24 11:04:02,241 - INFO - table_update route successfully send data with flag 1
2024-05-24 11:04:04,438 - INFO - table_update route successfully send data with flag 1
2024-05-24 11:04:09,913 - INFO - table_update route successfully send data with flag 1
2024-05-24 11:04:10,582 - INFO - table_update route successfully send data with flag 1
2024-05-24 11:04:12,422 - INFO - table_update route successfully send data with flag 1
2024-05-24 11:04:14,508 - INFO - table_update route successfully send data with flag 1
2024-05-24 11:04:17,432 - INFO - table_update route successfully send data with flag 1
2024-05-24 11:04:19,453 - INFO - table_update route successfully send data with flag 1
2024-05-24 11:04:22,452 - INFO - table_update route successfully send data with flag 1
2024-05-24 11:04:24,430 - INFO - table_update route successfully send data with flag 1
2024-05-24 11:04:27,485 - INFO - table_update route successfully send data with flag 1
2024-05-24 11:04:29,473 - INFO - table_update route successfully send data with flag 1
2024-05-24 11:04:32,495 - INFO - table_update route successfully send data with flag 1
2024-05-24 11:04:34,491 - INFO - table_update route successfully send data with flag 1
2024-05-24 11:04:37,466 - INFO - table_update route successfully send data with flag 1
2024-05-24 11:04:39,521 - INFO - table_update route successfully send data with flag 1
2024-05-24 11:04:42,479 - INFO - table_update route successfully send data with flag 1
2024-05-24 11:04:44,430 - INFO - table_update route successfully send data with flag 1
2024-05-24 11:04:48,438 - INFO - table_update route successfully send data with flag 1
2024-05-24 11:04:50,723 - INFO - table_update route successfully send data with flag 1
2024-05-24 11:04:52,780 - INFO - table_update route successfully send data with flag 1
2024-05-24 11:04:54,676 - INFO - table_update route successfully send data with flag 1
2024-05-24 11:04:57,485 - INFO - table_update route successfully send data with flag 1
2024-05-24 11:04:59,423 - INFO - table_update route successfully send data with flag 1
2024-05-24 11:05:02,447 - INFO - table_update route successfully send data with flag 1
2024-05-24 11:05:18,317 - INFO - table_update route successfully send data with flag 1
2024-05-24 11:05:18,903 - INFO - table_update route successfully send data with flag 1
2024-05-24 11:05:19,504 - INFO - table_update route successfully send data with flag 1
2024-05-24 11:05:23,174 - INFO - table_update route successfully send data with flag 1
2024-05-24 11:05:24,452 - INFO - table_update route successfully send data with flag 1
2024-05-24 11:05:27,444 - INFO - table_update route successfully send data with flag 1
2024-05-24 11:05:29,467 - INFO - table_update route successfully send data with flag 1
2024-05-24 11:05:32,477 - INFO - table_update route successfully send data with flag 1
2024-05-24 11:05:34,426 - INFO - table_update route successfully send data with flag 1
2024-05-24 11:05:37,179 - INFO - table_update route successfully send data with flag 1
2024-05-24 11:05:39,458 - INFO - table_update route successfully send data with flag 1
2024-05-24 11:05:44,175 - INFO - table_update route successfully send data with flag 1
2024-05-24 11:05:44,827 - INFO - table_update route successfully send data with flag 1
2024-05-24 11:05:49,080 - INFO - table_update route successfully send data with flag 1
2024-05-24 11:05:49,990 - INFO - table_update route successfully send data with flag 1
2024-05-24 11:05:54,576 - INFO - table_update route successfully send data with flag 1
2024-05-24 11:05:55,241 - INFO - table_update route successfully send data with flag 1
2024-05-24 11:06:03,085 - INFO - table_update route successfully send data with flag 1
2024-05-24 11:06:03,773 - INFO - table_update route successfully send data with flag 1
2024-05-24 11:06:04,422 - INFO - table_update route successfully send data with flag 1
2024-05-24 11:06:04,999 - INFO - table_update route successfully send data with flag 1
2024-05-24 11:06:09,442 - INFO - table_update route successfully send data with flag 1
2024-05-24 11:06:10,023 - INFO - table_update route successfully send data with flag 1
2024-05-24 11:06:14,428 - INFO - table_update route successfully send data with flag 1
2024-05-24 11:06:15,010 - INFO - table_update route successfully send data with flag 1
2024-05-24 11:06:19,475 - INFO - table_update route successfully send data with flag 1
2024-05-24 11:06:20,059 - INFO - table_update route successfully send data with flag 1
2024-05-24 11:06:24,455 - INFO - table_update route successfully send data with flag 1
2024-05-24 11:06:25,187 - INFO - table_update route successfully send data with flag 1
2024-05-24 11:06:29,074 - INFO - table_update route successfully send data with flag 1
2024-05-24 11:06:29,647 - INFO - table_update route successfully send data with flag 1
2024-05-24 11:06:34,064 - INFO - table_update route successfully send data with flag 1
2024-05-24 11:06:34,618 - INFO - table_update route successfully send data with flag 1
2024-05-24 11:06:40,280 - INFO - table_update route successfully send data with flag 1
2024-05-24 11:06:41,285 - INFO - table_update route successfully send data with flag 1
2024-05-24 11:06:44,876 - INFO - table_update route successfully send data with flag 1
2024-05-24 11:06:45,461 - INFO - table_update route successfully send data with flag 1
2024-05-24 11:06:49,390 - INFO - table_update route successfully send data with flag 1
2024-05-24 11:06:54,442 - INFO - table_update route successfully send data with flag 1
2024-05-24 11:06:59,431 - INFO - table_update route successfully send data with flag 1
2024-05-24 11:07:04,427 - INFO - table_update route successfully send data with flag 1
2024-05-24 11:07:09,473 - INFO - table_update route successfully send data with flag 1
2024-05-24 11:07:14,430 - INFO - table_update route successfully send data with flag 1
2024-05-24 11:07:19,454 - INFO - table_update route successfully send data with flag 1
2024-05-24 11:07:24,422 - INFO - table_update route successfully send data with flag 1
2024-05-24 11:07:29,460 - INFO - table_update route successfully send data with flag 1
2024-05-24 11:07:34,416 - INFO - table_update route successfully send data with flag 1
2024-05-24 11:07:39,465 - INFO - table_update route successfully send data with flag 1
2024-05-24 11:07:44,413 - INFO - table_update route successfully send data with flag 1
2024-05-24 11:07:49,476 - INFO - table_update route successfully send data with flag 1
2024-05-24 11:08:45,494 - INFO - table_update route successfully send data with flag 1
2024-05-24 11:09:45,507 - INFO - table_update route successfully send data with flag 1
2024-05-24 11:10:39,153 - INFO - table_update route successfully send data with flag 1
2024-05-24 11:10:42,142 - INFO - table_update route successfully send data with flag 1
2024-05-24 11:10:44,293 - INFO - table_update route successfully send data with flag 1
2024-05-24 11:10:49,306 - INFO - table_update route successfully send data with flag 1
2024-05-24 11:10:54,322 - INFO - table_update route successfully send data with flag 1
2024-05-24 11:10:59,283 - INFO - table_update route successfully send data with flag 1
2024-05-24 11:11:04,381 - INFO - table_update route successfully send data with flag 1
2024-05-24 11:11:09,296 - INFO - table_update route successfully send data with flag 1
2024-05-24 11:11:14,336 - INFO - table_update route successfully send data with flag 1
2024-05-24 11:11:19,334 - INFO - table_update route successfully send data with flag 1
2024-05-24 11:11:24,308 - INFO - table_update route successfully send data with flag 1
2024-05-24 11:11:29,429 - INFO - table_update route successfully send data with flag 1
2024-05-24 11:11:34,447 - INFO - table_update route successfully send data with flag 1
2024-05-24 11:11:39,440 - INFO - table_update route successfully send data with flag 1
2024-05-24 11:11:44,529 - INFO - table_update route successfully send data with flag 1
2024-05-24 11:11:49,436 - INFO - table_update route successfully send data with flag 1
2024-05-24 11:11:54,437 - INFO - table_update route successfully send data with flag 1
2024-05-24 11:11:59,441 - INFO - table_update route successfully send data with flag 1
2024-05-24 11:12:04,463 - INFO - table_update route successfully send data with flag 1
2024-05-24 11:12:09,475 - INFO - table_update route successfully send data with flag 1
2024-05-24 11:12:14,424 - INFO - table_update route successfully send data with flag 1
2024-05-24 11:12:19,519 - INFO - table_update route successfully send data with flag 1
2024-05-24 11:12:24,436 - INFO - table_update route successfully send data with flag 1
2024-05-24 11:12:45,486 - INFO - table_update route successfully send data with flag 1
2024-05-24 11:13:45,516 - INFO - table_update route successfully send data with flag 1
2024-05-24 11:14:45,471 - INFO - table_update route successfully send data with flag 1
2024-05-24 11:15:45,481 - INFO - table_update route successfully send data with flag 1
2024-05-24 11:16:45,450 - INFO - table_update route successfully send data with flag 1
2024-05-24 11:17:22,565 - INFO - table_update route successfully send data with flag 1
2024-05-24 11:17:24,426 - INFO - table_update route successfully send data with flag 1
2024-05-24 11:17:29,477 - INFO - table_update route successfully send data with flag 1
2024-05-24 11:17:34,444 - INFO - table_update route successfully send data with flag 1
2024-05-24 11:17:39,518 - INFO - table_update route successfully send data with flag 1
2024-05-24 11:17:44,431 - INFO - table_update route successfully send data with flag 1
2024-05-24 11:17:49,510 - INFO - table_update route successfully send data with flag 1
2024-05-24 11:17:54,508 - INFO - table_update route successfully send data with flag 1
2024-05-24 11:17:59,451 - INFO - table_update route successfully send data with flag 1
2024-05-24 11:18:04,441 - INFO - table_update route successfully send data with flag 1
2024-05-24 11:18:09,436 - INFO - table_update route successfully send data with flag 1
2024-05-24 11:18:14,431 - INFO - table_update route successfully send data with flag 1
2024-05-24 11:18:19,424 - INFO - table_update route successfully send data with flag 1
2024-05-24 11:18:24,442 - INFO - table_update route successfully send data with flag 1
2024-05-24 11:18:29,480 - INFO - table_update route successfully send data with flag 1
2024-05-24 11:18:34,438 - INFO - table_update route successfully send data with flag 1
2024-05-24 11:18:39,453 - INFO - table_update route successfully send data with flag 1
2024-05-24 11:18:45,458 - INFO - table_update route successfully send data with flag 1
2024-05-24 11:19:45,488 - INFO - table_update route successfully send data with flag 1
2024-05-24 11:20:45,449 - INFO - table_update route successfully send data with flag 1
2024-05-24 11:21:45,441 - INFO - table_update route successfully send data with flag 1
2024-05-24 11:22:45,477 - INFO - table_update route successfully send data with flag 1
2024-05-24 11:23:45,490 - INFO - table_update route successfully send data with flag 1
2024-05-24 11:24:45,486 - INFO - table_update route successfully send data with flag 1
2024-05-24 11:25:45,473 - INFO - table_update route successfully send data with flag 1
2024-05-24 11:26:45,549 - INFO - table_update route successfully send data with flag 1
2024-05-24 11:27:45,494 - INFO - table_update route successfully send data with flag 1
2024-05-24 11:28:15,275 - INFO - table_update route successfully send data with flag 1
2024-05-24 11:28:18,637 - INFO - table_update route successfully send data with flag 1
2024-05-24 11:28:19,646 - INFO - table_update route successfully send data with flag 1
2024-05-24 11:28:23,550 - INFO - table_update route successfully send data with flag 1
2024-05-24 11:28:24,412 - INFO - table_update route successfully send data with flag 1
2024-05-24 11:28:29,312 - INFO - table_update route successfully send data with flag 1
2024-05-24 11:28:29,909 - INFO - table_update route successfully send data with flag 1
2024-05-24 11:28:31,887 - INFO - table_update route successfully send data with flag 1
2024-05-24 11:28:34,846 - INFO - table_update route successfully send data with flag 1
2024-05-24 11:28:35,694 - INFO - table_update route successfully send data with flag 1
2024-05-24 11:28:39,493 - INFO - table_update route successfully send data with flag 1
2024-05-24 11:28:40,056 - INFO - table_update route successfully send data with flag 1
2024-05-24 11:28:40,657 - INFO - table_update route successfully send data with flag 1
2024-05-24 11:28:42,445 - INFO - table_update route successfully send data with flag 1
2024-05-24 11:28:44,430 - INFO - table_update route successfully send data with flag 1
2024-05-24 11:28:45,039 - INFO - table_update route successfully send data with flag 1
2024-05-24 11:28:47,497 - INFO - table_update route successfully send data with flag 1
2024-05-24 11:28:49,463 - INFO - table_update route successfully send data with flag 1
2024-05-24 11:28:50,036 - INFO - table_update route successfully send data with flag 1
2024-05-24 11:28:52,431 - INFO - table_update route successfully send data with flag 1
2024-05-24 11:28:54,428 - INFO - table_update route successfully send data with flag 1
2024-05-24 11:28:55,046 - INFO - table_update route successfully send data with flag 1
2024-05-24 11:28:57,499 - INFO - table_update route successfully send data with flag 1
2024-05-24 11:28:59,509 - INFO - table_update route successfully send data with flag 1
2024-05-24 11:29:00,078 - INFO - table_update route successfully send data with flag 1
2024-05-24 11:29:02,447 - INFO - table_update route successfully send data with flag 1
2024-05-24 11:29:04,419 - INFO - table_update route successfully send data with flag 1
2024-05-24 11:29:05,017 - INFO - table_update route successfully send data with flag 1
2024-05-24 11:29:07,476 - INFO - table_update route successfully send data with flag 1
2024-05-24 11:29:09,532 - INFO - table_update route successfully send data with flag 1
2024-05-24 11:29:10,099 - INFO - table_update route successfully send data with flag 1
2024-05-24 11:29:12,499 - INFO - table_update route successfully send data with flag 1
2024-05-24 11:29:14,442 - INFO - table_update route successfully send data with flag 1
2024-05-24 11:29:15,022 - INFO - table_update route successfully send data with flag 1
2024-05-24 11:29:17,443 - INFO - table_update route successfully send data with flag 1
2024-05-24 11:29:19,502 - INFO - table_update route successfully send data with flag 1
2024-05-24 11:29:20,116 - INFO - table_update route successfully send data with flag 1
2024-05-24 11:29:22,445 - INFO - table_update route successfully send data with flag 1
2024-05-24 11:29:24,427 - INFO - table_update route successfully send data with flag 1
2024-05-24 11:29:25,063 - INFO - table_update route successfully send data with flag 1
2024-05-24 11:29:27,464 - INFO - table_update route successfully send data with flag 1
2024-05-24 11:29:29,457 - INFO - table_update route successfully send data with flag 1
2024-05-24 11:29:32,445 - INFO - table_update route successfully send data with flag 1
2024-05-24 11:29:45,445 - INFO - table_update route successfully send data with flag 1
2024-05-24 11:29:46,046 - INFO - table_update route successfully send data with flag 1
2024-05-24 11:29:46,654 - INFO - table_update route successfully send data with flag 1
2024-05-24 11:30:45,459 - INFO - table_update route successfully send data with flag 1
2024-05-24 11:30:46,029 - INFO - table_update route successfully send data with flag 1
2024-05-24 11:30:46,612 - INFO - table_update route successfully send data with flag 1
2024-05-24 11:31:45,531 - INFO - table_update route successfully send data with flag 1
2024-05-24 11:31:46,107 - INFO - table_update route successfully send data with flag 1
2024-05-24 11:31:46,706 - INFO - table_update route successfully send data with flag 1
2024-05-24 11:31:47,283 - INFO - table_update route successfully send data with flag 1
2024-05-24 11:31:48,571 - INFO - table_update route successfully send data with flag 1
2024-05-24 11:31:49,309 - INFO - table_update route successfully send data with flag 1
2024-05-24 11:31:50,952 - INFO - Function update_bar_chart_from_blob successfully Return blob_list with flag 1
2024-05-24 11:31:52,631 - INFO - table_update route successfully send data with flag 1
2024-05-24 11:31:57,572 - INFO - table_update route successfully send data with flag 1
2024-05-24 11:32:02,635 - INFO - Function update_bar_chart_from_blob successfully Return blob_list with flag 1
2024-05-24 11:32:03,732 - INFO - table_update route successfully send data with flag 1
2024-05-24 11:32:04,290 - INFO - table_update route successfully send data with flag 1
2024-05-24 11:32:07,588 - INFO - table_update route successfully send data with flag 1
2024-05-24 11:32:09,502 - INFO - table_update route successfully send data with flag 1
2024-05-24 11:32:10,481 - INFO - Function update_bar_chart_from_blob successfully Return blob_list with flag 1
2024-05-24 11:32:12,954 - INFO - table_update route successfully send data with flag 1
2024-05-24 11:32:14,635 - INFO - table_update route successfully send data with flag 1
2024-05-24 11:32:15,234 - INFO - Function delete_file success with flag 1
2024-05-24 11:32:15,234 - INFO - Successfully webcrawler File Loaded In Cognilink Application with flag 1 
2024-05-24 11:32:15,983 - INFO - Function update_bar_chart_from_blob successfully Return blob_list with flag 1
2024-05-24 11:32:17,536 - INFO - table_update route successfully send data with flag 1
2024-05-24 11:32:22,657 - INFO - table_update route successfully send data with flag 1
2024-05-24 11:32:23,653 - INFO - table_update route successfully send data with flag 1
2024-05-24 11:32:24,338 - INFO - Function delete_file success with flag 1
2024-05-24 11:32:24,344 - INFO - Function delete_file success with flag 1
2024-05-24 11:32:24,357 - INFO - Function delete_file success with flag 1
2024-05-24 11:32:24,363 - INFO - Function delete_file success with flag 1
2024-05-24 11:32:27,561 - INFO - table_update route successfully send data with flag 1
2024-05-24 11:32:32,033 - INFO - Function update_bar_chart_from_blob successfully Return blob_list with flag 1
2024-05-24 11:32:32,508 - INFO - table_update route successfully send data with flag 1
2024-05-24 11:32:37,551 - INFO - table_update route successfully send data with flag 1
2024-05-24 11:32:42,562 - INFO - table_update route successfully send data with flag 1
2024-05-24 11:32:43,924 - INFO - Function update_bar_chart_from_blob successfully Return blob_list with flag 1
2024-05-24 11:32:43,924 - INFO - Function update_when_file_delete Data Loaded Successfully with flag 1
2024-05-24 11:32:43,924 - INFO - Cogni_button route succeeded with flag 1
2024-05-24 11:32:47,505 - INFO - table_update route successfully send data with flag 1
2024-05-24 11:32:52,546 - INFO - table_update route successfully send data with flag 1
2024-05-24 11:32:57,586 - INFO - table_update route successfully send data with flag 1
2024-05-24 11:33:02,520 - INFO - table_update route successfully send data with flag 1
2024-05-24 11:33:07,524 - INFO - table_update route successfully send data with flag 1
2024-05-24 11:33:12,518 - INFO - table_update route successfully send data with flag 1
2024-05-24 11:33:17,538 - INFO - table_update route successfully send data with flag 1
2024-05-24 11:33:22,533 - INFO - table_update route successfully send data with flag 1
2024-05-24 11:33:27,536 - INFO - table_update route successfully send data with flag 1
2024-05-24 11:33:32,521 - INFO - table_update route successfully send data with flag 1
2024-05-24 11:33:37,557 - INFO - table_update route successfully send data with flag 1
2024-05-24 11:33:42,524 - INFO - table_update route successfully send data with flag 1
2024-05-24 11:33:47,517 - INFO - table_update route successfully send data with flag 1
2024-05-24 11:33:52,538 - INFO - table_update route successfully send data with flag 1
2024-05-24 11:33:57,549 - INFO - table_update route successfully send data with flag 1
2024-05-24 11:34:02,526 - INFO - table_update route successfully send data with flag 1
2024-05-24 11:34:07,525 - INFO - table_update route successfully send data with flag 1
2024-05-24 11:34:12,554 - INFO - table_update route successfully send data with flag 1
2024-05-24 11:34:17,542 - INFO - table_update route successfully send data with flag 1
2024-05-24 11:34:22,556 - INFO - table_update route successfully send data with flag 1
2024-05-24 11:34:27,571 - INFO - table_update route successfully send data with flag 1
2024-05-24 11:34:32,527 - INFO - table_update route successfully send data with flag 1
2024-05-24 11:34:37,535 - INFO - table_update route successfully send data with flag 1
2024-05-24 11:34:42,524 - INFO - table_update route successfully send data with flag 1
2024-05-24 11:34:47,531 - INFO - table_update route successfully send data with flag 1
2024-05-24 11:34:52,549 - INFO - table_update route successfully send data with flag 1
2024-05-24 11:34:57,547 - INFO - table_update route successfully send data with flag 1
2024-05-24 11:35:02,535 - INFO - table_update route successfully send data with flag 1
2024-05-24 11:35:07,544 - INFO - table_update route successfully send data with flag 1
2024-05-24 11:35:12,530 - INFO - table_update route successfully send data with flag 1
2024-05-24 11:35:17,564 - INFO - table_update route successfully send data with flag 1
2024-05-24 11:35:22,525 - INFO - table_update route successfully send data with flag 1
2024-05-24 11:35:27,535 - INFO - table_update route successfully send data with flag 1
2024-05-24 11:35:32,529 - INFO - table_update route successfully send data with flag 1
2024-05-24 11:35:37,564 - INFO - table_update route successfully send data with flag 1
2024-05-24 11:35:42,541 - INFO - table_update route successfully send data with flag 1
2024-05-24 11:35:47,585 - INFO - table_update route successfully send data with flag 1
2024-05-24 11:35:52,560 - INFO - table_update route successfully send data with flag 1
2024-05-24 11:35:57,593 - INFO - table_update route successfully send data with flag 1
2024-05-24 11:36:02,549 - INFO - table_update route successfully send data with flag 1
2024-05-24 11:36:07,593 - INFO - table_update route successfully send data with flag 1
2024-05-24 11:36:12,538 - INFO - table_update route successfully send data with flag 1
2024-05-24 11:36:17,517 - INFO - table_update route successfully send data with flag 1
2024-05-24 11:36:22,545 - INFO - table_update route successfully send data with flag 1
2024-05-24 11:36:27,542 - INFO - table_update route successfully send data with flag 1
2024-05-24 11:36:32,516 - INFO - table_update route successfully send data with flag 1
2024-05-24 11:36:37,554 - INFO - table_update route successfully send data with flag 1
2024-05-24 11:36:42,555 - INFO - table_update route successfully send data with flag 1
2024-05-24 11:36:47,545 - INFO - table_update route successfully send data with flag 1
2024-05-24 11:36:52,533 - INFO - table_update route successfully send data with flag 1
2024-05-24 11:36:57,584 - INFO - table_update route successfully send data with flag 1
2024-05-24 11:37:02,522 - INFO - table_update route successfully send data with flag 1
2024-05-24 11:37:07,548 - INFO - table_update route successfully send data with flag 1
2024-05-24 11:37:12,545 - INFO - table_update route successfully send data with flag 1
2024-05-24 11:37:17,529 - INFO - table_update route successfully send data with flag 1
2024-05-24 11:37:22,522 - INFO - table_update route successfully send data with flag 1
2024-05-24 11:37:27,532 - INFO - table_update route successfully send data with flag 1
2024-05-24 11:37:32,557 - INFO - table_update route successfully send data with flag 1
2024-05-24 11:37:37,513 - INFO - table_update route successfully send data with flag 1
2024-05-24 11:37:42,532 - INFO - table_update route successfully send data with flag 1
2024-05-24 11:37:47,564 - INFO - table_update route successfully send data with flag 1
2024-05-24 11:37:52,560 - INFO - table_update route successfully send data with flag 1
2024-05-24 11:37:57,546 - INFO - table_update route successfully send data with flag 1
2024-05-24 11:38:02,538 - INFO - table_update route successfully send data with flag 1
2024-05-24 11:38:07,578 - INFO - table_update route successfully send data with flag 1
2024-05-24 11:38:12,560 - INFO - table_update route successfully send data with flag 1
2024-05-24 11:38:17,525 - INFO - table_update route successfully send data with flag 1
2024-05-24 11:38:22,559 - INFO - table_update route successfully send data with flag 1
2024-05-24 11:38:27,529 - INFO - table_update route successfully send data with flag 1
2024-05-24 11:38:32,541 - INFO - table_update route successfully send data with flag 1
2024-05-24 11:38:37,511 - INFO - table_update route successfully send data with flag 1
2024-05-24 11:38:42,526 - INFO - table_update route successfully send data with flag 1
2024-05-24 11:38:47,548 - INFO - table_update route successfully send data with flag 1
2024-05-24 11:38:52,547 - INFO - table_update route successfully send data with flag 1
2024-05-24 11:38:57,529 - INFO - table_update route successfully send data with flag 1
2024-05-24 11:39:01,688 - INFO - Function update_when_file_delete error with flag 0 -- Function update_when_file_delete error is::Check the url of your file; returned status code 404
2024-05-24 11:39:02,268 - INFO - Function update_bar_chart_from_blob successfully Return blob_list with flag 1
2024-05-24 11:39:02,268 - INFO - delete for delete/<file_name> route deleted successfully with flag 1
2024-05-24 11:39:02,545 - INFO - table_update route successfully send data with flag 1
2024-05-24 11:39:03,434 - INFO - table_update route successfully send data with flag 1
2024-05-24 11:39:05,583 - INFO - Function update_bar_chart_from_blob successfully Return blob_list with flag 1
2024-05-24 11:39:06,759 - INFO - Function update_when_file_delete error with flag 0 -- Function update_when_file_delete error is::Check the url of your file; returned status code 404
2024-05-24 11:39:07,071 - INFO - Function update_bar_chart_from_blob successfully Return blob_list with flag 1
2024-05-24 11:39:07,071 - INFO - delete for delete/<file_name> route deleted successfully with flag 1
2024-05-24 11:39:07,663 - INFO - Function update_bar_chart_from_blob successfully Return blob_list with flag 1
2024-05-24 11:39:07,871 - INFO - Function update_when_file_delete error with flag 0 -- Function update_when_file_delete error is::Check the url of your file; returned status code 404
2024-05-24 11:39:08,148 - INFO - table_update route successfully send data with flag 1
2024-05-24 11:39:08,173 - INFO - Function update_bar_chart_from_blob successfully Return blob_list with flag 1
2024-05-24 11:39:08,174 - INFO - delete for delete/<file_name> route deleted successfully with flag 1
2024-05-24 11:39:08,393 - INFO - Function update_when_file_delete error with flag 0 -- Function update_when_file_delete error is::Check the url of your file; returned status code 404
2024-05-24 11:39:08,443 - INFO - table_update route successfully send data with flag 1
2024-05-24 11:39:08,695 - INFO - Function update_bar_chart_from_blob successfully Return blob_list with flag 1
2024-05-24 11:39:08,695 - INFO - delete for delete/<file_name> route deleted successfully with flag 1
2024-05-24 11:39:08,745 - INFO - table_update route successfully send data with flag 1
2024-05-24 11:39:08,826 - INFO - Function update_when_file_delete error with flag 0 -- Function update_when_file_delete error is::Check the url of your file; returned status code 404
2024-05-24 11:39:08,828 - INFO - Function update_bar_chart_from_blob successfully Return blob_list with flag 1
2024-05-24 11:39:08,828 - INFO - delete for delete/<file_name> route deleted successfully with flag 1
2024-05-24 11:39:09,039 - INFO - table_update route successfully send data with flag 1
2024-05-24 11:39:09,132 - INFO - Function update_bar_chart_from_blob successfully Return blob_list with flag 1
2024-05-24 11:39:09,132 - INFO - delete for delete/<file_name> route deleted successfully with flag 1
2024-05-24 11:39:09,355 - INFO - table_update route successfully send data with flag 1
2024-05-24 11:39:09,644 - INFO - table_update route successfully send data with flag 1
2024-05-24 11:39:12,269 - INFO - table_update route successfully send data with flag 1
2024-05-24 11:39:12,471 - INFO - Function update_bar_chart_from_blob successfully Return blob_list with flag 1
2024-05-24 11:39:13,957 - INFO - table_update route successfully send data with flag 1
2024-05-24 11:39:18,921 - INFO - table_update route successfully send data with flag 1
2024-05-24 11:39:25,091 - INFO - table_update route successfully send data with flag 1
2024-05-24 11:39:29,784 - INFO - table_update route successfully send data with flag 1
2024-05-24 11:39:34,177 - INFO - table_update route successfully send data with flag 1
2024-05-24 11:39:39,139 - INFO - table_update route successfully send data with flag 1
2024-05-24 11:39:44,179 - INFO - table_update route successfully send data with flag 1
2024-05-24 11:39:49,162 - INFO - table_update route successfully send data with flag 1
2024-05-24 11:39:53,929 - INFO - table_update route successfully send data with flag 1
2024-05-24 11:39:56,979 - INFO - table_update route successfully send data with flag 1
2024-05-24 11:39:59,164 - INFO - table_update route successfully send data with flag 1
2024-05-24 11:40:04,165 - INFO - table_update route successfully send data with flag 1
2024-05-24 11:40:09,141 - INFO - table_update route successfully send data with flag 1
2024-05-24 11:40:14,182 - INFO - table_update route successfully send data with flag 1
2024-05-24 11:40:19,150 - INFO - table_update route successfully send data with flag 1
2024-05-24 11:40:24,190 - INFO - table_update route successfully send data with flag 1
2024-05-24 11:40:29,190 - INFO - table_update route successfully send data with flag 1
2024-05-24 11:40:34,163 - INFO - table_update route successfully send data with flag 1
2024-05-24 11:40:39,229 - INFO - table_update route successfully send data with flag 1
2024-05-24 11:40:44,192 - INFO - table_update route successfully send data with flag 1
2024-05-24 11:40:49,151 - INFO - table_update route successfully send data with flag 1
2024-05-24 11:40:54,201 - INFO - table_update route successfully send data with flag 1
2024-05-24 11:40:59,128 - INFO - table_update route successfully send data with flag 1
2024-05-24 11:41:45,155 - INFO - table_update route successfully send data with flag 1
2024-05-24 11:42:45,184 - INFO - table_update route successfully send data with flag 1
2024-05-24 11:43:45,152 - INFO - table_update route successfully send data with flag 1
2024-05-24 11:43:58,374 - INFO - table_update route successfully send data with flag 1
2024-05-24 11:43:58,934 - INFO - table_update route successfully send data with flag 1
2024-05-24 11:44:03,926 - INFO - table_update route successfully send data with flag 1
2024-05-24 11:44:09,223 - INFO - table_update route successfully send data with flag 1
2024-05-24 11:44:14,228 - INFO - table_update route successfully send data with flag 1
2024-05-24 11:44:19,160 - INFO - table_update route successfully send data with flag 1
2024-05-24 11:44:24,236 - INFO - table_update route successfully send data with flag 1
2024-05-24 11:44:29,152 - INFO - table_update route successfully send data with flag 1
2024-05-24 11:44:34,146 - INFO - table_update route successfully send data with flag 1
2024-05-24 11:44:39,162 - INFO - table_update route successfully send data with flag 1
2024-05-24 11:44:44,159 - INFO - table_update route successfully send data with flag 1
2024-05-24 11:44:49,152 - INFO - table_update route successfully send data with flag 1
2024-05-24 11:44:54,192 - INFO - table_update route successfully send data with flag 1
2024-05-24 11:44:59,126 - INFO - table_update route successfully send data with flag 1
2024-05-24 11:45:04,202 - INFO - table_update route successfully send data with flag 1
2024-05-24 11:45:09,178 - INFO - table_update route successfully send data with flag 1
2024-05-24 11:45:45,160 - INFO - table_update route successfully send data with flag 1
2024-05-24 11:46:45,199 - INFO - table_update route successfully send data with flag 1
2024-05-24 11:46:53,711 - INFO - table_update route successfully send data with flag 1
2024-05-24 11:46:54,018 - INFO - table_update route successfully send data with flag 1
2024-05-24 11:46:59,147 - INFO - table_update route successfully send data with flag 1
2024-05-24 11:47:04,231 - INFO - table_update route successfully send data with flag 1
2024-05-24 11:47:09,157 - INFO - table_update route successfully send data with flag 1
2024-05-24 11:47:14,418 - INFO - table_update route successfully send data with flag 1
2024-05-24 11:47:21,735 - INFO - table_update route successfully send data with flag 1
2024-05-24 11:47:24,215 - INFO - table_update route successfully send data with flag 1
2024-05-24 11:47:29,237 - INFO - table_update route successfully send data with flag 1
2024-05-24 11:47:34,685 - INFO - table_update route successfully send data with flag 1
2024-05-24 11:47:42,147 - INFO - table_update route successfully send data with flag 1
2024-05-24 11:47:44,712 - INFO - table_update route successfully send data with flag 1
2024-05-24 11:47:49,538 - INFO - table_update route successfully send data with flag 1
2024-05-24 11:47:54,776 - INFO - table_update route successfully send data with flag 1
2024-05-24 11:48:45,227 - INFO - table_update route successfully send data with flag 1
2024-05-24 11:49:45,188 - INFO - table_update route successfully send data with flag 1
2024-05-24 11:50:45,241 - INFO - table_update route successfully send data with flag 1
2024-05-24 11:51:45,155 - INFO - table_update route successfully send data with flag 1
2024-05-24 11:52:45,153 - INFO - table_update route successfully send data with flag 1
2024-05-24 11:53:45,189 - INFO - table_update route successfully send data with flag 1
2024-05-24 11:54:45,342 - INFO - table_update route successfully send data with flag 1
2024-05-24 11:54:48,982 - INFO - table_update route successfully send data with flag 1
2024-05-24 11:54:54,201 - INFO - table_update route successfully send data with flag 1
2024-05-24 11:54:59,135 - INFO - table_update route successfully send data with flag 1
2024-05-24 11:55:04,203 - INFO - table_update route successfully send data with flag 1
2024-05-24 11:55:09,306 - INFO - table_update route successfully send data with flag 1
2024-05-24 11:55:15,417 - INFO - table_update route successfully send data with flag 1
2024-05-24 11:55:19,207 - INFO - table_update route successfully send data with flag 1
2024-05-24 11:55:24,215 - INFO - table_update route successfully send data with flag 1
2024-05-24 11:55:29,156 - INFO - table_update route successfully send data with flag 1
2024-05-24 11:55:34,178 - INFO - table_update route successfully send data with flag 1
2024-05-24 11:55:39,147 - INFO - table_update route successfully send data with flag 1
2024-05-24 11:55:44,157 - INFO - table_update route successfully send data with flag 1
2024-05-24 11:55:49,146 - INFO - table_update route successfully send data with flag 1
2024-05-24 11:56:45,187 - INFO - table_update route successfully send data with flag 1
2024-05-24 11:57:45,197 - INFO - table_update route successfully send data with flag 1
2024-05-24 11:58:45,204 - INFO - table_update route successfully send data with flag 1
2024-05-24 11:59:45,178 - INFO - table_update route successfully send data with flag 1
2024-05-24 12:00:45,176 - INFO - table_update route successfully send data with flag 1
2024-05-24 12:01:45,237 - INFO - table_update route successfully send data with flag 1
2024-05-24 12:02:45,200 - INFO - table_update route successfully send data with flag 1
2024-05-24 12:03:45,205 - INFO - table_update route successfully send data with flag 1
2024-05-24 12:04:28,336 - INFO - table_update route successfully send data with flag 1
2024-05-24 12:04:28,968 - INFO - table_update route successfully send data with flag 1
