2024-05-24 12:23:24,878 - INFO - Function create_or_pass_folder error with flag 0 -- Function create_or_pass_folder error is::Value for one of the query parameters specified in the request URI is invalid.
RequestId:b2972b99-701e-0050-44a7-ad6a0e000000
Time:2024-05-24T06:53:24.0374657Z
ErrorCode:InvalidQueryParameterValue
queryparametername:snapshot
queryparametervalue:asif24
Content: <?xml version="1.0" encoding="utf-8"?>
<Error><Code>InvalidQueryParameterValue</Code><Message>Value for one of the query parameters specified in the request URI is invalid.
RequestId:b2972b99-701e-0050-44a7-ad6a0e000000
Time:2024-05-24T06:53:24.0374657Z</Message><QueryParameterName>snapshot</QueryParameterName><QueryParameterValue>asif24</QueryParameterValue></Error>
2024-05-24 12:23:24,878 - INFO - Function create_or_pass_folder Error creating folder'asif24': Value for one of the query parameters specified in the request URI is invalid.
RequestId:b2972b99-701e-0050-44a7-ad6a0e000000
Time:2024-05-24T06:53:24.0374657Z
ErrorCode:InvalidQueryParameterValue
queryparametername:snapshot
queryparametervalue:asif24
Content: <?xml version="1.0" encoding="utf-8"?>
<Error><Code>InvalidQueryParameterValue</Code><Message>Value for one of the query parameters specified in the request URI is invalid.
RequestId:b2972b99-701e-0050-44a7-ad6a0e000000
Time:2024-05-24T06:53:24.0374657Z</Message><QueryParameterName>snapshot</QueryParameterName><QueryParameterValue>asif24</QueryParameterValue></Error> 
2024-05-24 12:23:25,491 - INFO - Function update_bar_chart_from_blob successfully Return blob_list with flag 1
2024-05-24 12:23:25,491 - INFO - User asif24 logged in successfully with flag 1
2024-05-24 12:23:26,114 - INFO - Function update_bar_chart_from_blob successfully Return blob_list with flag 1
2024-05-24 12:23:28,172 - INFO - table_update route successfully send data with flag 1
2024-05-24 12:23:33,100 - INFO - table_update route successfully send data with flag 1
2024-05-24 12:23:36,896 - INFO - table_update route successfully send data with flag 1
2024-05-24 12:23:38,870 - INFO - table_update route successfully send data with flag 1
2024-05-24 12:23:43,154 - INFO - table_update route successfully send data with flag 1
2024-05-24 12:23:48,110 - INFO - table_update route successfully send data with flag 1
2024-05-24 12:23:53,109 - INFO - table_update route successfully send data with flag 1
2024-05-24 12:23:58,828 - INFO - table_update route successfully send data with flag 1
2024-05-24 12:24:00,336 - INFO - Route download_progress success
2024-05-24 12:24:03,130 - INFO - table_update route successfully send data with flag 1
2024-05-24 12:24:08,016 - INFO - table_update route successfully send data with flag 1
2024-05-24 12:24:11,272 - INFO - Route download_progress success
2024-05-24 12:24:13,280 - INFO - table_update route successfully send data with flag 1
2024-05-24 12:24:15,752 - INFO - Function update_bar_chart_from_blob successfully Return blob_list with flag 1
2024-05-24 12:24:16,063 - INFO - Route download_progress success
2024-05-24 12:24:17,716 - INFO - Route download_progress success
2024-05-24 12:24:18,059 - INFO - table_update route successfully send data with flag 1
2024-05-24 12:24:20,902 - INFO - Function update_bar_chart_from_blob successfully Return blob_list with flag 1
2024-05-24 12:24:23,140 - INFO - table_update route successfully send data with flag 1
2024-05-24 12:24:24,648 - INFO - Function update_bar_chart_from_blob successfully Return blob_list with flag 1
2024-05-24 12:24:25,247 - INFO - Route download_progress success
2024-05-24 12:24:25,257 - INFO - webcrawler route successfull with flag 1
2024-05-24 12:24:28,174 - INFO - table_update route successfully send data with flag 1
2024-05-24 12:24:33,911 - INFO - table_update route successfully send data with flag 1
2024-05-24 12:24:34,640 - INFO - table_update route successfully send data with flag 1
2024-05-24 12:24:38,178 - INFO - Function delete_file success with flag 1
2024-05-24 12:24:38,233 - INFO - Function delete_file success with flag 1
2024-05-24 12:24:38,272 - INFO - Function delete_file success with flag 1
2024-05-24 12:24:38,344 - INFO - Function delete_file success with flag 1
2024-05-24 12:24:38,345 - INFO - Function delete_file success with flag 1
2024-05-24 12:24:39,079 - INFO - table_update route successfully send data with flag 1
2024-05-24 12:24:39,771 - INFO - table_update route successfully send data with flag 1
2024-05-24 12:24:40,578 - INFO - Function update_bar_chart_from_blob successfully Return blob_list with flag 1
2024-05-24 12:24:43,333 - INFO - table_update route successfully send data with flag 1
2024-05-24 12:24:48,190 - INFO - table_update route successfully send data with flag 1
2024-05-24 12:24:53,613 - INFO - table_update route successfully send data with flag 1
2024-05-24 12:24:58,152 - INFO - table_update route successfully send data with flag 1
2024-05-24 12:25:00,780 - INFO - Function update_bar_chart_from_blob successfully Return blob_list with flag 1
2024-05-24 12:25:00,781 - INFO - Function update_when_file_delete Data Loaded Successfully with flag 1
2024-05-24 12:25:00,781 - INFO - Cogni_button route succeeded with flag 1
2024-05-24 12:25:03,202 - INFO - table_update route successfully send data with flag 1
