2024-05-23 15:17:21,310 - INFO - Function create_or_pass_folder error with flag 0 -- Function create_or_pass_folder error is::Value for one of the query parameters specified in the request URI is invalid.
RequestId:12c2dd47-601e-0029-4af6-ac0344000000
Time:2024-05-23T09:47:20.5223111Z
ErrorCode:InvalidQueryParameterValue
queryparametername:snapshot
queryparametervalue:asif24
Content: <?xml version="1.0" encoding="utf-8"?>
<Error><Code>InvalidQueryParameterValue</Code><Message>Value for one of the query parameters specified in the request URI is invalid.
RequestId:12c2dd47-601e-0029-4af6-ac0344000000
Time:2024-05-23T09:47:20.5223111Z</Message><QueryParameterName>snapshot</QueryParameterName><QueryParameterValue>asif24</QueryParameterValue></Error>
2024-05-23 15:17:21,310 - INFO - Function create_or_pass_folder Error creating folder'asif24': Value for one of the query parameters specified in the request URI is invalid.
RequestId:12c2dd47-601e-0029-4af6-ac0344000000
Time:2024-05-23T09:47:20.5223111Z
ErrorCode:InvalidQueryParameterValue
queryparametername:snapshot
queryparametervalue:asif24
Content: <?xml version="1.0" encoding="utf-8"?>
<Error><Code>InvalidQueryParameterValue</Code><Message>Value for one of the query parameters specified in the request URI is invalid.
RequestId:12c2dd47-601e-0029-4af6-ac0344000000
Time:2024-05-23T09:47:20.5223111Z</Message><QueryParameterName>snapshot</QueryParameterName><QueryParameterValue>asif24</QueryParameterValue></Error> 
2024-05-23 15:17:22,268 - INFO - Function update_bar_chart_from_blob successfully Return blob_list with flag 1
2024-05-23 15:17:22,268 - INFO - User asif24 logged in successfully with flag 1
2024-05-23 15:17:22,983 - INFO - Function update_bar_chart_from_blob successfully Return blob_list with flag 1
2024-05-23 15:17:24,636 - INFO - table_update route successfully send data with flag 1
2024-05-23 15:17:29,573 - INFO - table_update route successfully send data with flag 1
2024-05-23 15:17:34,623 - INFO - table_update route successfully send data with flag 1
2024-05-23 15:17:38,858 - INFO - Route download_progress success
2024-05-23 15:17:40,766 - INFO - table_update route successfully send data with flag 1
2024-05-23 15:17:44,606 - INFO - table_update route successfully send data with flag 1
2024-05-23 15:17:49,300 - INFO - Route download_progress success
2024-05-23 15:17:49,545 - INFO - table_update route successfully send data with flag 1
2024-05-23 15:17:54,630 - INFO - table_update route successfully send data with flag 1
2024-05-23 15:17:55,693 - INFO - Route download_progress success
2024-05-23 15:17:59,567 - INFO - table_update route successfully send data with flag 1
2024-05-23 15:18:02,212 - INFO - Route download_progress success
2024-05-23 15:18:04,516 - INFO - table_update route successfully send data with flag 1
2024-05-23 15:18:08,841 - INFO - Route download_progress success
2024-05-23 15:18:08,856 - INFO - webcrawler route successfull with flag 1
2024-05-23 15:18:09,677 - INFO - table_update route successfully send data with flag 1
2024-05-23 15:18:14,602 - INFO - table_update route successfully send data with flag 1
2024-05-23 15:18:19,523 - INFO - table_update route successfully send data with flag 1
2024-05-23 15:18:24,561 - INFO - table_update route successfully send data with flag 1
2024-05-23 15:18:29,520 - INFO - table_update route successfully send data with flag 1
2024-05-23 15:18:34,625 - INFO - table_update route successfully send data with flag 1
2024-05-23 15:18:40,121 - INFO - table_update route successfully send data with flag 1
2024-05-23 15:18:45,378 - INFO - table_update route successfully send data with flag 1
2024-05-23 15:18:50,355 - INFO - table_update route successfully send data with flag 1
2024-05-23 15:18:55,362 - INFO - table_update route successfully send data with flag 1
2024-05-23 15:19:00,304 - INFO - table_update route successfully send data with flag 1
2024-05-23 15:19:05,403 - INFO - table_update route successfully send data with flag 1
2024-05-23 15:19:10,406 - INFO - table_update route successfully send data with flag 1
2024-05-23 15:19:15,369 - INFO - table_update route successfully send data with flag 1
2024-05-23 15:19:20,348 - INFO - table_update route successfully send data with flag 1
2024-05-23 15:19:25,355 - INFO - table_update route successfully send data with flag 1
2024-05-23 15:19:30,389 - INFO - table_update route successfully send data with flag 1
2024-05-23 15:19:35,332 - INFO - table_update route successfully send data with flag 1
2024-05-23 15:19:39,577 - INFO - table_update route successfully send data with flag 1
