2024-05-23 15:19:46,640 - INFO - Function create_or_pass_folder error with flag 0 -- Function create_or_pass_folder error is::Value for one of the query parameters specified in the request URI is invalid.
RequestId:12c510e5-601e-0029-6ff6-ac0344000000
Time:2024-05-23T09:49:45.7745950Z
ErrorCode:InvalidQueryParameterValue
queryparametername:snapshot
queryparametervalue:asif24
Content: <?xml version="1.0" encoding="utf-8"?>
<Error><Code>InvalidQueryParameterValue</Code><Message>Value for one of the query parameters specified in the request URI is invalid.
RequestId:12c510e5-601e-0029-6ff6-ac0344000000
Time:2024-05-23T09:49:45.7745950Z</Message><QueryParameterName>snapshot</QueryParameterName><QueryParameterValue>asif24</QueryParameterValue></Error>
2024-05-23 15:19:46,640 - INFO - Function create_or_pass_folder Error creating folder'asif24': Value for one of the query parameters specified in the request URI is invalid.
RequestId:12c510e5-601e-0029-6ff6-ac0344000000
Time:2024-05-23T09:49:45.7745950Z
ErrorCode:InvalidQueryParameterValue
queryparametername:snapshot
queryparametervalue:asif24
Content: <?xml version="1.0" encoding="utf-8"?>
<Error><Code>InvalidQueryParameterValue</Code><Message>Value for one of the query parameters specified in the request URI is invalid.
RequestId:12c510e5-601e-0029-6ff6-ac0344000000
Time:2024-05-23T09:49:45.7745950Z</Message><QueryParameterName>snapshot</QueryParameterName><QueryParameterValue>asif24</QueryParameterValue></Error> 
2024-05-23 15:19:47,691 - INFO - Function update_bar_chart_from_blob successfully Return blob_list with flag 1
2024-05-23 15:19:47,691 - INFO - User asif24 logged in successfully with flag 1
2024-05-23 15:19:48,322 - INFO - Function update_bar_chart_from_blob successfully Return blob_list with flag 1
2024-05-23 15:19:49,923 - INFO - table_update route successfully send data with flag 1
2024-05-23 15:19:54,722 - INFO - table_update route successfully send data with flag 1
2024-05-23 15:19:58,606 - INFO - Route download_progress success
2024-05-23 15:19:59,741 - INFO - table_update route successfully send data with flag 1
2024-05-23 15:20:05,572 - INFO - table_update route successfully send data with flag 1
2024-05-23 15:20:09,821 - INFO - Route download_progress success
2024-05-23 15:20:14,940 - INFO - table_update route successfully send data with flag 1
2024-05-23 15:20:16,283 - INFO - Route download_progress success
2024-05-23 15:20:16,827 - INFO - table_update route successfully send data with flag 1
2024-05-23 15:20:19,778 - INFO - table_update route successfully send data with flag 1
2024-05-23 15:20:22,872 - INFO - Route download_progress success
2024-05-23 15:20:24,749 - INFO - table_update route successfully send data with flag 1
2024-05-23 15:20:29,379 - INFO - Route download_progress success
2024-05-23 15:20:29,394 - INFO - webcrawler route successfull with flag 1
2024-05-23 15:20:29,747 - INFO - table_update route successfully send data with flag 1
2024-05-23 15:20:34,756 - INFO - table_update route successfully send data with flag 1
2024-05-23 15:20:39,731 - INFO - table_update route successfully send data with flag 1
2024-05-23 15:20:44,725 - INFO - table_update route successfully send data with flag 1
2024-05-23 15:20:49,706 - INFO - table_update route successfully send data with flag 1
2024-05-23 15:20:54,737 - INFO - table_update route successfully send data with flag 1
2024-05-23 15:20:59,771 - INFO - table_update route successfully send data with flag 1
2024-05-23 15:21:02,277 - INFO - Function update_bar_chart_from_blob successfully Return blob_list with flag 1
2024-05-23 15:21:03,989 - INFO - table_update route successfully send data with flag 1
2024-05-23 15:21:08,866 - INFO - table_update route successfully send data with flag 1
2024-05-23 15:21:14,362 - INFO - table_update route successfully send data with flag 1
2024-05-23 15:21:19,349 - INFO - table_update route successfully send data with flag 1
2024-05-23 15:21:24,353 - INFO - table_update route successfully send data with flag 1
2024-05-23 15:21:29,354 - INFO - table_update route successfully send data with flag 1
2024-05-23 15:21:34,375 - INFO - table_update route successfully send data with flag 1
2024-05-23 15:21:39,339 - INFO - table_update route successfully send data with flag 1
2024-05-23 15:21:44,358 - INFO - table_update route successfully send data with flag 1
2024-05-23 15:21:49,318 - INFO - table_update route successfully send data with flag 1
2024-05-23 15:21:54,420 - INFO - table_update route successfully send data with flag 1
2024-05-23 15:21:59,500 - INFO - table_update route successfully send data with flag 1
2024-05-23 15:22:04,384 - INFO - table_update route successfully send data with flag 1
2024-05-23 15:22:09,315 - INFO - table_update route successfully send data with flag 1
2024-05-23 15:22:14,357 - INFO - table_update route successfully send data with flag 1
2024-05-23 15:22:19,314 - INFO - table_update route successfully send data with flag 1
2024-05-23 15:22:24,356 - INFO - table_update route successfully send data with flag 1
2024-05-23 15:22:29,303 - INFO - table_update route successfully send data with flag 1
2024-05-23 15:23:12,387 - INFO - table_update route successfully send data with flag 1
2024-05-23 15:24:00,698 - INFO - table_update route successfully send data with flag 1
2024-05-23 15:24:02,291 - INFO - Function update_bar_chart_from_blob successfully Return blob_list with flag 1
2024-05-23 15:24:04,063 - INFO - table_update route successfully send data with flag 1
2024-05-23 15:24:08,951 - INFO - table_update route successfully send data with flag 1
2024-05-23 15:24:14,622 - INFO - table_update route successfully send data with flag 1
2024-05-23 15:24:21,708 - INFO - table_update route successfully send data with flag 1
2024-05-23 15:24:24,670 - INFO - table_update route successfully send data with flag 1
2024-05-23 15:24:29,429 - INFO - table_update route successfully send data with flag 1
2024-05-23 15:24:34,340 - INFO - table_update route successfully send data with flag 1
2024-05-23 15:24:38,411 - INFO - Function update_bar_chart_from_blob successfully Return blob_list with flag 1
2024-05-23 15:24:40,049 - INFO - table_update route successfully send data with flag 1
2024-05-23 15:24:40,187 - INFO - table_update route successfully send data with flag 1
2024-05-23 15:24:45,044 - INFO - table_update route successfully send data with flag 1
2024-05-23 15:24:50,325 - INFO - table_update route successfully send data with flag 1
2024-05-23 15:24:55,323 - INFO - table_update route successfully send data with flag 1
2024-05-23 15:25:00,510 - INFO - table_update route successfully send data with flag 1
2024-05-23 15:25:05,301 - INFO - table_update route successfully send data with flag 1
2024-05-23 15:25:10,316 - INFO - table_update route successfully send data with flag 1
2024-05-23 15:25:15,321 - INFO - table_update route successfully send data with flag 1
2024-05-23 15:25:20,336 - INFO - table_update route successfully send data with flag 1
2024-05-23 15:25:25,097 - INFO - table_update route successfully send data with flag 1
2024-05-23 15:25:27,394 - INFO - Route download_progress success
2024-05-23 15:25:30,229 - INFO - table_update route successfully send data with flag 1
2024-05-23 15:25:35,196 - INFO - table_update route successfully send data with flag 1
2024-05-23 15:25:37,882 - INFO - Route download_progress success
2024-05-23 15:25:40,057 - INFO - table_update route successfully send data with flag 1
2024-05-23 15:25:42,211 - INFO - Route download_progress success
2024-05-23 15:25:44,853 - INFO - Route download_progress success
2024-05-23 15:25:45,056 - INFO - table_update route successfully send data with flag 1
2024-05-23 15:25:48,252 - INFO - Route download_progress success
2024-05-23 15:25:48,553 - INFO - Route download_progress success
2024-05-23 15:25:50,022 - INFO - table_update route successfully send data with flag 1
2024-05-23 15:25:54,724 - INFO - Route download_progress success
2024-05-23 15:25:54,800 - INFO - Route download_progress success
2024-05-23 15:25:54,858 - INFO - Route download_progress success
2024-05-23 15:25:55,093 - INFO - table_update route successfully send data with flag 1
2024-05-23 15:25:55,168 - INFO - Route download_progress success
2024-05-23 15:26:00,151 - INFO - table_update route successfully send data with flag 1
2024-05-23 15:26:01,391 - INFO - Route download_progress success
2024-05-23 15:26:01,538 - INFO - Route download_progress success
2024-05-23 15:26:01,992 - INFO - Route download_progress success
2024-05-23 15:26:01,995 - INFO - webcrawler route successfull with flag 1
2024-05-23 15:26:02,155 - INFO - Route download_progress success
2024-05-23 15:26:05,098 - INFO - table_update route successfully send data with flag 1
2024-05-23 15:26:08,151 - INFO - Route download_progress success
2024-05-23 15:26:08,523 - INFO - Route download_progress success
2024-05-23 15:26:10,061 - INFO - table_update route successfully send data with flag 1
2024-05-23 15:26:14,239 - INFO - Route download_progress success
2024-05-23 15:26:14,239 - INFO - webcrawler route successfull with flag 1
2024-05-23 15:26:14,787 - INFO - Route download_progress success
2024-05-23 15:26:14,787 - INFO - webcrawler route successfull with flag 1
2024-05-23 15:26:14,993 - INFO - Route download_progress success
2024-05-23 15:26:15,078 - INFO - table_update route successfully send data with flag 1
2024-05-23 15:26:20,378 - INFO - table_update route successfully send data with flag 1
2024-05-23 15:26:21,510 - INFO - Route download_progress success
2024-05-23 15:26:21,514 - INFO - webcrawler route successfull with flag 1
2024-05-23 15:26:24,746 - INFO - Route fetch_pdf_files success
2024-05-23 15:26:25,276 - INFO - table_update route successfully send data with flag 1
2024-05-23 15:26:25,998 - INFO - table_update route successfully send data with flag 1
2024-05-23 15:26:28,950 - INFO - Function delete_file success with flag 1
2024-05-23 15:26:28,971 - INFO - Function delete_file success with flag 1
2024-05-23 15:26:29,011 - INFO - Function delete_file success with flag 1
2024-05-23 15:26:29,011 - INFO - Function delete_file success with flag 1
2024-05-23 15:26:29,041 - INFO - Function delete_file success with flag 1
2024-05-23 15:26:30,325 - INFO - table_update route successfully send data with flag 1
2024-05-23 15:26:34,181 - INFO - Route download_progress success
2024-05-23 15:26:35,030 - INFO - table_update route successfully send data with flag 1
2024-05-23 15:26:40,064 - INFO - table_update route successfully send data with flag 1
2024-05-23 15:26:44,692 - INFO - Route download_progress success
2024-05-23 15:26:45,069 - INFO - table_update route successfully send data with flag 1
2024-05-23 15:26:47,635 - INFO - webcrawler route error with flag 0 -- webcrawler route error is::'NoneType' object is not subscriptable
2024-05-23 15:26:50,092 - INFO - table_update route successfully send data with flag 1
2024-05-23 15:26:51,094 - INFO - Route download_progress success
2024-05-23 15:26:55,038 - INFO - table_update route successfully send data with flag 1
2024-05-23 15:26:57,713 - INFO - Route download_progress success
2024-05-23 15:27:00,521 - INFO - table_update route successfully send data with flag 1
2024-05-23 15:27:04,499 - INFO - Route download_progress success
2024-05-23 15:27:04,529 - INFO - webcrawler route successfull with flag 1
2024-05-23 15:27:05,980 - INFO - table_update route successfully send data with flag 1
2024-05-23 15:27:10,075 - INFO - table_update route successfully send data with flag 1
2024-05-23 15:27:15,310 - INFO - table_update route successfully send data with flag 1
2024-05-23 15:27:20,529 - INFO - table_update route successfully send data with flag 1
2024-05-23 15:27:25,330 - INFO - table_update route successfully send data with flag 1
2024-05-23 15:27:30,318 - INFO - Route fetch_pdf_files success
2024-05-23 15:27:30,862 - INFO - table_update route successfully send data with flag 1
2024-05-23 15:27:31,655 - INFO - table_update route successfully send data with flag 1
2024-05-23 15:27:35,344 - INFO - table_update route successfully send data with flag 1
2024-05-23 15:27:35,960 - INFO - table_update route successfully send data with flag 1
2024-05-23 15:27:40,258 - INFO - table_update route successfully send data with flag 1
2024-05-23 15:27:47,106 - INFO - table_update route successfully send data with flag 1
2024-05-23 15:27:50,313 - INFO - table_update route successfully send data with flag 1
2024-05-23 15:27:55,411 - INFO - table_update route successfully send data with flag 1
2024-05-23 15:28:00,107 - INFO - table_update route successfully send data with flag 1
2024-05-23 15:28:04,950 - INFO - Function update_bar_chart_from_blob successfully Return blob_list with flag 1
2024-05-23 15:28:06,095 - INFO - table_update route successfully send data with flag 1
2024-05-23 15:28:06,713 - INFO - table_update route successfully send data with flag 1
2024-05-23 15:28:11,694 - INFO - table_update route successfully send data with flag 1
2024-05-23 15:28:17,648 - INFO - table_update route successfully send data with flag 1
2024-05-23 15:28:21,619 - INFO - table_update route successfully send data with flag 1
2024-05-23 15:28:26,634 - INFO - table_update route successfully send data with flag 1
2024-05-23 15:28:32,306 - INFO - table_update route successfully send data with flag 1
2024-05-23 15:28:37,327 - INFO - table_update route successfully send data with flag 1
2024-05-23 15:28:42,371 - INFO - table_update route successfully send data with flag 1
2024-05-23 15:28:47,389 - INFO - table_update route successfully send data with flag 1
2024-05-23 15:28:52,325 - INFO - table_update route successfully send data with flag 1
2024-05-23 15:28:57,396 - INFO - table_update route successfully send data with flag 1
2024-05-23 15:29:02,294 - INFO - table_update route successfully send data with flag 1
2024-05-23 15:29:06,632 - INFO - table_update route successfully send data with flag 1
2024-05-23 15:29:12,331 - INFO - table_update route successfully send data with flag 1
2024-05-23 15:29:17,348 - INFO - table_update route successfully send data with flag 1
2024-05-23 15:29:22,319 - INFO - table_update route successfully send data with flag 1
2024-05-23 15:29:27,433 - INFO - table_update route successfully send data with flag 1
2024-05-23 15:29:32,401 - INFO - table_update route successfully send data with flag 1
2024-05-23 15:29:37,428 - INFO - table_update route successfully send data with flag 1
2024-05-23 15:29:42,398 - INFO - table_update route successfully send data with flag 1
2024-05-23 15:29:47,320 - INFO - table_update route successfully send data with flag 1
2024-05-23 15:29:52,339 - INFO - table_update route successfully send data with flag 1
2024-05-23 15:29:57,305 - INFO - table_update route successfully send data with flag 1
2024-05-23 15:30:02,485 - INFO - table_update route successfully send data with flag 1
2024-05-23 15:30:07,326 - INFO - table_update route successfully send data with flag 1
2024-05-23 15:30:12,346 - INFO - table_update route successfully send data with flag 1
2024-05-23 15:30:16,618 - INFO - table_update route successfully send data with flag 1
2024-05-23 15:30:16,815 - INFO - Function update_bar_chart_from_blob successfully Return blob_list with flag 1
2024-05-23 15:30:18,147 - INFO - table_update route successfully send data with flag 1
2024-05-23 15:30:23,189 - INFO - table_update route successfully send data with flag 1
2024-05-23 15:30:26,094 - INFO - Route download_progress success
2024-05-23 15:30:28,153 - INFO - table_update route successfully send data with flag 1
2024-05-23 15:30:33,187 - INFO - table_update route successfully send data with flag 1
2024-05-23 15:30:36,745 - INFO - Route download_progress success
2024-05-23 15:30:38,192 - INFO - table_update route successfully send data with flag 1
2024-05-23 15:30:43,158 - INFO - table_update route successfully send data with flag 1
2024-05-23 15:30:43,305 - INFO - Route download_progress success
2024-05-23 15:30:48,168 - INFO - table_update route successfully send data with flag 1
2024-05-23 15:30:49,756 - INFO - Route download_progress success
2024-05-23 15:30:53,279 - INFO - table_update route successfully send data with flag 1
2024-05-23 15:30:56,764 - INFO - Route download_progress success
2024-05-23 15:30:56,771 - INFO - webcrawler route successfull with flag 1
2024-05-23 15:30:58,327 - INFO - table_update route successfully send data with flag 1
2024-05-23 15:31:03,363 - INFO - table_update route successfully send data with flag 1
2024-05-23 15:31:08,455 - INFO - table_update route successfully send data with flag 1
2024-05-23 15:31:13,366 - INFO - table_update route successfully send data with flag 1
2024-05-23 15:31:18,483 - INFO - table_update route successfully send data with flag 1
2024-05-23 15:31:23,330 - INFO - table_update route successfully send data with flag 1
2024-05-23 15:31:28,335 - INFO - table_update route successfully send data with flag 1
2024-05-23 15:31:33,298 - INFO - table_update route successfully send data with flag 1
2024-05-23 15:31:38,351 - INFO - table_update route successfully send data with flag 1
2024-05-23 15:31:43,291 - INFO - table_update route successfully send data with flag 1
2024-05-23 15:31:48,295 - INFO - table_update route successfully send data with flag 1
2024-05-23 15:31:53,325 - INFO - table_update route successfully send data with flag 1
2024-05-23 15:31:58,361 - INFO - table_update route successfully send data with flag 1
2024-05-23 15:32:03,434 - INFO - table_update route successfully send data with flag 1
2024-05-23 15:32:08,381 - INFO - table_update route successfully send data with flag 1
2024-05-23 15:32:13,335 - INFO - table_update route successfully send data with flag 1
2024-05-23 15:33:12,347 - INFO - table_update route successfully send data with flag 1
2024-05-23 15:34:12,360 - INFO - table_update route successfully send data with flag 1
2024-05-23 15:35:12,389 - INFO - table_update route successfully send data with flag 1
2024-05-23 15:36:12,468 - INFO - table_update route successfully send data with flag 1
2024-05-23 15:36:20,785 - INFO - table_update route successfully send data with flag 1
2024-05-23 15:36:23,212 - INFO - table_update route successfully send data with flag 1
2024-05-23 15:36:28,130 - INFO - table_update route successfully send data with flag 1
2024-05-23 15:36:30,223 - INFO - Function update_bar_chart_from_blob successfully Return blob_list with flag 1
2024-05-23 15:36:32,977 - INFO - table_update route successfully send data with flag 1
2024-05-23 15:36:37,650 - INFO - table_update route successfully send data with flag 1
2024-05-23 15:36:42,688 - INFO - table_update route successfully send data with flag 1
2024-05-23 15:36:47,207 - INFO - Route download_progress success
2024-05-23 15:36:47,608 - INFO - table_update route successfully send data with flag 1
2024-05-23 15:36:52,622 - INFO - table_update route successfully send data with flag 1
2024-05-23 15:36:57,616 - INFO - table_update route successfully send data with flag 1
2024-05-23 15:37:02,685 - INFO - table_update route successfully send data with flag 1
2024-05-23 15:37:04,324 - INFO - Route download_progress success
2024-05-23 15:37:07,578 - INFO - table_update route successfully send data with flag 1
2024-05-23 15:37:09,894 - INFO - Function update_bar_chart_from_blob successfully Return blob_list with flag 1
2024-05-23 15:37:11,869 - INFO - Route download_progress success
2024-05-23 15:37:13,033 - INFO - table_update route successfully send data with flag 1
2024-05-23 15:37:18,648 - INFO - Route download_progress success
2024-05-23 15:37:18,930 - INFO - table_update route successfully send data with flag 1
2024-05-23 15:37:23,940 - INFO - table_update route successfully send data with flag 1
2024-05-23 15:37:25,193 - INFO - Route download_progress success
2024-05-23 15:37:25,204 - INFO - webcrawler route successfull with flag 1
2024-05-23 15:37:27,073 - INFO - Function update_bar_chart_from_blob successfully Return blob_list with flag 1
2024-05-23 15:37:27,905 - INFO - table_update route successfully send data with flag 1
2024-05-23 15:37:32,233 - INFO - Function update_bar_chart_from_blob successfully Return blob_list with flag 1
2024-05-23 15:37:33,017 - INFO - table_update route successfully send data with flag 1
2024-05-23 15:37:37,874 - INFO - table_update route successfully send data with flag 1
2024-05-23 15:37:38,387 - INFO - Function update_bar_chart_from_blob successfully Return blob_list with flag 1
2024-05-23 15:37:38,387 - INFO - Function update_when_file_delete Data Loaded Successfully with flag 1
2024-05-23 15:37:38,388 - INFO - Cogni_button route succeeded with flag 1
2024-05-23 15:37:43,491 - INFO - table_update route successfully send data with flag 1
2024-05-23 15:37:48,332 - INFO - table_update route successfully send data with flag 1
2024-05-23 15:37:53,341 - INFO - table_update route successfully send data with flag 1
2024-05-23 15:37:58,370 - INFO - table_update route successfully send data with flag 1
2024-05-23 15:38:03,355 - INFO - table_update route successfully send data with flag 1
2024-05-23 15:38:08,351 - INFO - table_update route successfully send data with flag 1
2024-05-23 15:38:13,372 - INFO - table_update route successfully send data with flag 1
2024-05-23 15:38:18,339 - INFO - table_update route successfully send data with flag 1
2024-05-23 15:38:23,340 - INFO - table_update route successfully send data with flag 1
2024-05-23 15:38:28,731 - INFO - table_update route successfully send data with flag 1
2024-05-23 15:38:33,367 - INFO - table_update route successfully send data with flag 1
2024-05-23 15:38:38,313 - INFO - table_update route successfully send data with flag 1
2024-05-23 15:39:12,376 - INFO - table_update route successfully send data with flag 1
2024-05-23 15:40:12,341 - INFO - table_update route successfully send data with flag 1
2024-05-23 15:41:12,421 - INFO - table_update route successfully send data with flag 1
2024-05-23 15:42:12,378 - INFO - table_update route successfully send data with flag 1
2024-05-23 15:43:23,654 - INFO - table_update route successfully send data with flag 1
2024-05-23 15:44:12,339 - INFO - table_update route successfully send data with flag 1
2024-05-23 15:45:12,666 - INFO - table_update route successfully send data with flag 1
2024-05-23 15:46:07,346 - INFO - table_update route successfully send data with flag 1
2024-05-23 15:46:07,966 - INFO - table_update route successfully send data with flag 1
2024-05-23 15:46:13,338 - INFO - table_update route successfully send data with flag 1
2024-05-23 15:46:18,308 - INFO - table_update route successfully send data with flag 1
2024-05-23 15:46:23,374 - INFO - table_update route successfully send data with flag 1
2024-05-23 15:46:28,334 - INFO - table_update route successfully send data with flag 1
2024-05-23 15:46:33,339 - INFO - table_update route successfully send data with flag 1
2024-05-23 15:46:38,307 - INFO - table_update route successfully send data with flag 1
2024-05-23 15:46:43,316 - INFO - table_update route successfully send data with flag 1
2024-05-23 15:46:48,325 - INFO - table_update route successfully send data with flag 1
2024-05-23 15:46:53,349 - INFO - table_update route successfully send data with flag 1
2024-05-23 15:46:58,414 - INFO - table_update route successfully send data with flag 1
2024-05-23 15:47:03,369 - INFO - table_update route successfully send data with flag 1
2024-05-23 15:47:08,482 - INFO - table_update route successfully send data with flag 1
2024-05-23 15:48:12,330 - INFO - table_update route successfully send data with flag 1
2024-05-23 15:49:12,366 - INFO - table_update route successfully send data with flag 1
2024-05-23 15:50:12,366 - INFO - table_update route successfully send data with flag 1
2024-05-23 15:51:12,382 - INFO - table_update route successfully send data with flag 1
2024-05-23 15:52:12,351 - INFO - table_update route successfully send data with flag 1
2024-05-23 15:53:12,396 - INFO - table_update route successfully send data with flag 1
2024-05-23 15:53:21,704 - INFO - table_update route successfully send data with flag 1
2024-05-23 15:53:22,906 - INFO - table_update route successfully send data with flag 1
2024-05-23 15:53:27,864 - INFO - table_update route successfully send data with flag 1
2024-05-23 15:53:35,872 - INFO - table_update route successfully send data with flag 1
2024-05-23 15:53:38,504 - INFO - table_update route successfully send data with flag 1
2024-05-23 15:53:43,366 - INFO - table_update route successfully send data with flag 1
2024-05-23 15:53:48,316 - INFO - table_update route successfully send data with flag 1
2024-05-23 15:53:53,404 - INFO - table_update route successfully send data with flag 1
2024-05-23 15:53:58,346 - INFO - table_update route successfully send data with flag 1
2024-05-23 15:54:03,376 - INFO - table_update route successfully send data with flag 1
2024-05-23 15:54:07,962 - INFO - table_update route successfully send data with flag 1
2024-05-23 15:54:13,332 - INFO - table_update route successfully send data with flag 1
2024-05-23 15:54:18,323 - INFO - table_update route successfully send data with flag 1
2024-05-23 15:54:22,852 - INFO - table_update route successfully send data with flag 1
2024-05-23 15:54:28,337 - INFO - table_update route successfully send data with flag 1
2024-05-23 15:54:33,305 - INFO - table_update route successfully send data with flag 1
2024-05-23 15:54:38,355 - INFO - table_update route successfully send data with flag 1
2024-05-23 15:54:43,383 - INFO - table_update route successfully send data with flag 1
2024-05-23 15:54:48,336 - INFO - table_update route successfully send data with flag 1
2024-05-23 15:54:53,331 - INFO - table_update route successfully send data with flag 1
2024-05-23 15:54:58,332 - INFO - table_update route successfully send data with flag 1
2024-05-23 15:55:03,358 - INFO - table_update route successfully send data with flag 1
2024-05-23 15:55:08,408 - INFO - table_update route successfully send data with flag 1
2024-05-23 15:55:13,373 - INFO - table_update route successfully send data with flag 1
2024-05-23 15:55:18,377 - INFO - table_update route successfully send data with flag 1
2024-05-23 15:55:23,388 - INFO - table_update route successfully send data with flag 1
2024-05-23 15:55:28,390 - INFO - table_update route successfully send data with flag 1
2024-05-23 15:56:12,997 - INFO - table_update route successfully send data with flag 1
2024-05-23 15:56:17,542 - INFO - Function update_bar_chart_from_blob successfully Return blob_list with flag 1
2024-05-23 15:56:18,901 - INFO - table_update route successfully send data with flag 1
2024-05-23 15:56:19,352 - INFO - table_update route successfully send data with flag 1
2024-05-23 15:56:24,168 - INFO - table_update route successfully send data with flag 1
2024-05-23 15:56:25,187 - INFO - Route download_progress success
2024-05-23 15:56:29,181 - INFO - table_update route successfully send data with flag 1
2024-05-23 15:56:31,857 - INFO - Route fetch_pdf_files success
2024-05-23 15:56:32,492 - INFO - table_update route successfully send data with flag 1
2024-05-23 15:56:35,057 - INFO - table_update route successfully send data with flag 1
2024-05-23 15:56:35,664 - INFO - Route download_progress success
2024-05-23 15:56:37,145 - INFO - Function delete_file success with flag 1
2024-05-23 15:56:37,145 - INFO - Successfully webcrawler File Loaded In Cognilink Application with flag 1 
2024-05-23 15:56:37,812 - INFO - table_update route successfully send data with flag 1
2024-05-23 15:56:37,959 - INFO - Function delete_file success with flag 1
2024-05-23 15:56:37,959 - INFO - Successfully webcrawler File Loaded In Cognilink Application with flag 1 
2024-05-23 15:56:38,060 - INFO - Function delete_file success with flag 1
2024-05-23 15:56:38,060 - INFO - Successfully webcrawler File Loaded In Cognilink Application with flag 1 
2024-05-23 15:56:38,738 - INFO - Function delete_file success with flag 1
2024-05-23 15:56:38,738 - INFO - Successfully webcrawler File Loaded In Cognilink Application with flag 1 
2024-05-23 15:56:39,179 - INFO - table_update route successfully send data with flag 1
2024-05-23 15:56:39,817 - INFO - Function delete_file success with flag 1
2024-05-23 15:56:39,817 - INFO - Successfully webcrawler File Loaded In Cognilink Application with flag 1 
2024-05-23 15:56:42,208 - INFO - Route download_progress success
2024-05-23 15:56:44,244 - INFO - table_update route successfully send data with flag 1
2024-05-23 15:56:48,863 - INFO - Route download_progress success
2024-05-23 15:56:55,422 - INFO - Route download_progress success
2024-05-23 15:56:55,431 - INFO - webcrawler route successfull with flag 1
