2024-05-23 16:00:50,264 - INFO - Function create_or_pass_folder error with flag 0 -- Function create_or_pass_folder error is::Value for one of the query parameters specified in the request URI is invalid.
RequestId:c38fd75c-401e-001c-27fc-acad11000000
Time:2024-05-23T10:30:49.4917551Z
ErrorCode:InvalidQueryParameterValue
queryparametername:snapshot
queryparametervalue:asif24
Content: <?xml version="1.0" encoding="utf-8"?>
<Error><Code>InvalidQueryParameterValue</Code><Message>Value for one of the query parameters specified in the request URI is invalid.
RequestId:c38fd75c-401e-001c-27fc-acad11000000
Time:2024-05-23T10:30:49.4917551Z</Message><QueryParameterName>snapshot</QueryParameterName><QueryParameterValue>asif24</QueryParameterValue></Error>
2024-05-23 16:00:50,264 - INFO - Function create_or_pass_folder Error creating folder'asif24': Value for one of the query parameters specified in the request URI is invalid.
RequestId:c38fd75c-401e-001c-27fc-acad11000000
Time:2024-05-23T10:30:49.4917551Z
ErrorCode:InvalidQueryParameterValue
queryparametername:snapshot
queryparametervalue:asif24
Content: <?xml version="1.0" encoding="utf-8"?>
<Error><Code>InvalidQueryParameterValue</Code><Message>Value for one of the query parameters specified in the request URI is invalid.
RequestId:c38fd75c-401e-001c-27fc-acad11000000
Time:2024-05-23T10:30:49.4917551Z</Message><QueryParameterName>snapshot</QueryParameterName><QueryParameterValue>asif24</QueryParameterValue></Error> 
2024-05-23 16:00:50,843 - INFO - Function update_bar_chart_from_blob successfully Return blob_list with flag 1
2024-05-23 16:00:50,843 - INFO - User asif24 logged in successfully with flag 1
2024-05-23 16:00:51,499 - INFO - Function update_bar_chart_from_blob successfully Return blob_list with flag 1
2024-05-23 16:00:52,893 - INFO - table_update route successfully send data with flag 1
2024-05-23 16:00:57,929 - INFO - table_update route successfully send data with flag 1
2024-05-23 16:01:02,944 - INFO - table_update route successfully send data with flag 1
2024-05-23 16:01:07,934 - INFO - table_update route successfully send data with flag 1
2024-05-23 16:01:08,855 - INFO - Function update_bar_chart_from_blob successfully Return blob_list with flag 1
2024-05-23 16:01:13,418 - INFO - table_update route successfully send data with flag 1
2024-05-23 16:01:16,099 - INFO - Function update_bar_chart_from_blob successfully Return blob_list with flag 1
2024-05-23 16:01:17,991 - INFO - table_update route successfully send data with flag 1
2024-05-23 16:01:23,351 - INFO - table_update route successfully send data with flag 1
2024-05-23 16:01:28,344 - INFO - table_update route successfully send data with flag 1
2024-05-23 16:01:29,458 - INFO - Function update_bar_chart_from_blob successfully Return blob_list with flag 1
2024-05-23 16:01:29,458 - INFO - Function update_when_file_delete Data Loaded Successfully with flag 1
2024-05-23 16:01:29,459 - INFO - Cogni_button route succeeded with flag 1
2024-05-23 16:01:33,412 - INFO - table_update route successfully send data with flag 1
2024-05-23 16:01:38,304 - INFO - table_update route successfully send data with flag 1
2024-05-23 16:01:43,332 - INFO - table_update route successfully send data with flag 1
2024-05-23 16:01:48,336 - INFO - table_update route successfully send data with flag 1
2024-05-23 16:01:53,369 - INFO - table_update route successfully send data with flag 1
2024-05-23 16:01:58,436 - INFO - table_update route successfully send data with flag 1
2024-05-23 16:02:03,384 - INFO - table_update route successfully send data with flag 1
2024-05-23 16:02:08,425 - INFO - table_update route successfully send data with flag 1
2024-05-23 16:02:13,459 - INFO - table_update route successfully send data with flag 1
2024-05-23 16:02:18,425 - INFO - table_update route successfully send data with flag 1
2024-05-23 16:03:06,770 - INFO - table_update route successfully send data with flag 1
2024-05-23 16:03:08,659 - INFO - table_update route successfully send data with flag 1
2024-05-23 16:03:12,930 - INFO - table_update route successfully send data with flag 1
2024-05-23 16:03:17,870 - INFO - table_update route successfully send data with flag 1
2024-05-23 16:03:23,279 - INFO - table_update route successfully send data with flag 1
2024-05-23 16:03:27,893 - INFO - table_update route successfully send data with flag 1
2024-05-23 16:03:32,877 - INFO - table_update route successfully send data with flag 1
2024-05-23 16:03:38,957 - INFO - table_update route successfully send data with flag 1
2024-05-23 16:03:40,518 - INFO - Function update_bar_chart_from_blob successfully Return blob_list with flag 1
2024-05-23 16:03:42,937 - INFO - table_update route successfully send data with flag 1
2024-05-23 16:03:48,067 - INFO - table_update route successfully send data with flag 1
2024-05-23 16:03:49,426 - INFO - Function update_bar_chart_from_blob successfully Return blob_list with flag 1
2024-05-23 16:03:53,038 - INFO - table_update route successfully send data with flag 1
2024-05-23 16:03:54,938 - INFO - Function update_bar_chart_from_blob successfully Return blob_list with flag 1
2024-05-23 16:03:54,940 - INFO - Function update_when_file_delete Data Loaded Successfully with flag 1
2024-05-23 16:03:54,940 - INFO - Cogni_button route succeeded with flag 1
2024-05-23 16:03:57,893 - INFO - table_update route successfully send data with flag 1
2024-05-23 16:04:02,965 - INFO - table_update route successfully send data with flag 1
2024-05-23 16:04:07,912 - INFO - table_update route successfully send data with flag 1
2024-05-23 16:04:12,951 - INFO - table_update route successfully send data with flag 1
2024-05-23 16:04:17,890 - INFO - table_update route successfully send data with flag 1
2024-05-23 16:04:22,885 - INFO - table_update route successfully send data with flag 1
2024-05-23 16:04:27,999 - INFO - table_update route successfully send data with flag 1
2024-05-23 16:04:32,871 - INFO - table_update route successfully send data with flag 1
2024-05-23 16:04:37,917 - INFO - table_update route successfully send data with flag 1
2024-05-23 16:04:40,215 - INFO - Route download_progress success
2024-05-23 16:04:43,217 - INFO - table_update route successfully send data with flag 1
2024-05-23 16:04:47,882 - INFO - table_update route successfully send data with flag 1
2024-05-23 16:04:51,825 - INFO - Route download_progress success
2024-05-23 16:04:52,883 - INFO - table_update route successfully send data with flag 1
2024-05-23 16:04:57,903 - INFO - table_update route successfully send data with flag 1
2024-05-23 16:04:58,351 - INFO - Route download_progress success
2024-05-23 16:05:02,867 - INFO - table_update route successfully send data with flag 1
2024-05-23 16:05:04,964 - INFO - Route download_progress success
2024-05-23 16:05:07,907 - INFO - table_update route successfully send data with flag 1
2024-05-23 16:05:11,411 - INFO - Route download_progress success
2024-05-23 16:05:11,416 - INFO - webcrawler route successfull with flag 1
2024-05-23 16:05:12,904 - INFO - table_update route successfully send data with flag 1
2024-05-23 16:05:17,997 - INFO - table_update route successfully send data with flag 1
2024-05-23 16:05:22,922 - INFO - table_update route successfully send data with flag 1
2024-05-23 16:05:27,899 - INFO - table_update route successfully send data with flag 1
2024-05-23 16:05:32,861 - INFO - table_update route successfully send data with flag 1
2024-05-23 16:05:37,966 - INFO - table_update route successfully send data with flag 1
2024-05-23 16:05:42,861 - INFO - table_update route successfully send data with flag 1
2024-05-23 16:05:47,941 - INFO - table_update route successfully send data with flag 1
2024-05-23 16:05:52,894 - INFO - table_update route successfully send data with flag 1
2024-05-23 16:05:57,891 - INFO - table_update route successfully send data with flag 1
2024-05-23 16:06:02,886 - INFO - table_update route successfully send data with flag 1
2024-05-23 16:06:07,960 - INFO - table_update route successfully send data with flag 1
2024-05-23 16:06:12,958 - INFO - table_update route successfully send data with flag 1
2024-05-23 16:06:13,428 - INFO - Function upload_to_blob successfully created blob_client.url
2024-05-23 16:06:14,443 - INFO - Function upload_to_blob successfully created blob_client.url
2024-05-23 16:06:15,558 - INFO - Function upload_to_blob successfully created blob_client.url
2024-05-23 16:06:16,506 - INFO - Function upload_to_blob successfully created blob_client.url
2024-05-23 16:06:17,210 - INFO - Function upload_to_blob successfully created blob_client.url
2024-05-23 16:06:17,883 - INFO - table_update route successfully send data with flag 1
2024-05-23 16:06:17,884 - INFO - Function upload_to_blob successfully created blob_client.url
2024-05-23 16:06:18,506 - INFO - Function upload_to_blob successfully created blob_client.url
2024-05-23 16:06:18,853 - INFO - Function upload_to_blob successfully created blob_client.url
2024-05-23 16:06:18,853 - INFO - User documents uploded successfully.
2024-05-23 16:06:19,447 - INFO - Function update_bar_chart_from_blob successfully Return blob_list with flag 1
2024-05-23 16:06:19,447 - INFO - Popup_form route succeeded with flag 1
2024-05-23 16:06:22,890 - INFO - table_update route successfully send data with flag 1
2024-05-23 16:06:31,653 - INFO - table_update route successfully send data with flag 1
2024-05-23 16:06:37,812 - INFO - table_update route successfully send data with flag 1
2024-05-23 16:06:38,723 - INFO - table_update route successfully send data with flag 1
2024-05-23 16:06:43,165 - INFO - table_update route successfully send data with flag 1
2024-05-23 16:06:47,897 - INFO - table_update route successfully send data with flag 1
2024-05-23 16:06:52,898 - INFO - table_update route successfully send data with flag 1
2024-05-23 16:06:58,119 - INFO - table_update route successfully send data with flag 1
2024-05-23 16:07:02,894 - INFO - table_update route successfully send data with flag 1
2024-05-23 16:07:08,331 - INFO - table_update route successfully send data with flag 1
2024-05-23 16:07:12,883 - INFO - table_update route successfully send data with flag 1
2024-05-23 16:07:18,067 - INFO - table_update route successfully send data with flag 1
2024-05-23 16:07:22,944 - INFO - table_update route successfully send data with flag 1
2024-05-23 16:07:27,875 - INFO - table_update route successfully send data with flag 1
2024-05-23 16:07:32,887 - INFO - table_update route successfully send data with flag 1
2024-05-23 16:07:37,891 - INFO - table_update route successfully send data with flag 1
2024-05-23 16:07:39,427 - INFO - Function update_bar_chart_from_blob successfully Return blob_list with flag 1
2024-05-23 16:07:39,428 - INFO - Function update_when_file_delete error with flag 0 -- Function update_when_file_delete error is::Check the url of your file; returned status code 404
2024-05-23 16:07:39,993 - INFO - Function update_bar_chart_from_blob successfully Return blob_list with flag 1
2024-05-23 16:07:39,993 - INFO - delete for delete/<file_name> route deleted successfully with flag 1
2024-05-23 16:07:40,140 - INFO - Function update_bar_chart_from_blob successfully Return blob_list with flag 1
2024-05-23 16:07:40,626 - INFO - table_update route successfully send data with flag 1
2024-05-23 16:07:40,627 - INFO - Function update_when_file_delete error with flag 0 -- Function update_when_file_delete error is::Check the url of your file; returned status code 404
2024-05-23 16:07:41,190 - INFO - Function update_bar_chart_from_blob successfully Return blob_list with flag 1
2024-05-23 16:07:41,190 - INFO - delete for delete/<file_name> route deleted successfully with flag 1
2024-05-23 16:07:41,294 - INFO - Function update_when_file_delete error with flag 0 -- Function update_when_file_delete error is::Check the url of your file; returned status code 404
2024-05-23 16:07:41,791 - INFO - table_update route successfully send data with flag 1
2024-05-23 16:07:41,892 - INFO - Function update_bar_chart_from_blob successfully Return blob_list with flag 1
2024-05-23 16:07:41,893 - INFO - delete for delete/<file_name> route deleted successfully with flag 1
2024-05-23 16:07:42,497 - INFO - table_update route successfully send data with flag 1
2024-05-23 16:07:43,161 - INFO - table_update route successfully send data with flag 1
2024-05-23 16:07:43,747 - INFO - Function update_bar_chart_from_blob successfully Return blob_list with flag 1
2024-05-23 16:07:44,074 - INFO - Function update_when_file_delete error with flag 0 -- Function update_when_file_delete error is::Check the url of your file; returned status code 404
2024-05-23 16:07:44,673 - INFO - Function update_bar_chart_from_blob successfully Return blob_list with flag 1
2024-05-23 16:07:44,674 - INFO - delete for delete/<file_name> route deleted successfully with flag 1
2024-05-23 16:07:44,995 - INFO - Function update_when_file_delete error with flag 0 -- Function update_when_file_delete error is::Check the url of your file; returned status code 404
2024-05-23 16:07:45,258 - INFO - table_update route successfully send data with flag 1
2024-05-23 16:07:45,567 - INFO - Function update_bar_chart_from_blob successfully Return blob_list with flag 1
2024-05-23 16:07:45,568 - INFO - delete for delete/<file_name> route deleted successfully with flag 1
2024-05-23 16:07:46,181 - INFO - table_update route successfully send data with flag 1
2024-05-23 16:07:47,173 - INFO - Function update_when_file_delete error with flag 0 -- Function update_when_file_delete error is::Check the url of your file; returned status code 404
2024-05-23 16:07:47,840 - INFO - Function update_bar_chart_from_blob successfully Return blob_list with flag 1
2024-05-23 16:07:47,841 - INFO - delete for delete/<file_name> route deleted successfully with flag 1
2024-05-23 16:07:48,023 - INFO - table_update route successfully send data with flag 1
2024-05-23 16:07:48,378 - INFO - delete for delete/<file_name> route deleted mongo.pdf not found with flag 0
2024-05-23 16:07:48,610 - INFO - table_update route successfully send data with flag 1
2024-05-23 16:07:50,875 - INFO - Function update_bar_chart_from_blob successfully Return blob_list with flag 1
2024-05-23 16:07:52,402 - INFO - Function update_when_file_delete error with flag 0 -- Function update_when_file_delete error is::Check the url of your file; returned status code 404
2024-05-23 16:07:52,758 - INFO - Function update_bar_chart_from_blob successfully Return blob_list with flag 1
2024-05-23 16:07:52,789 - INFO - delete for delete/<file_name> route deleted successfully with flag 1
2024-05-23 16:07:52,821 - INFO - table_update route successfully send data with flag 1
2024-05-23 16:07:53,959 - INFO - table_update route successfully send data with flag 1
2024-05-23 16:07:54,510 - INFO - Function update_bar_chart_from_blob successfully Return blob_list with flag 1
2024-05-23 16:07:54,510 - INFO - delete for delete/<file_name> route deleted successfully with flag 1
2024-05-23 16:07:55,231 - INFO - Function update_bar_chart_from_blob successfully Return blob_list with flag 1
2024-05-23 16:07:55,244 - INFO - delete for delete/<file_name> route deleted successfully with flag 1
2024-05-23 16:07:55,366 - INFO - table_update route successfully send data with flag 1
2024-05-23 16:07:56,031 - INFO - delete for delete/<file_name> route deleted restaurants_small.csv not found with flag 0
2024-05-23 16:07:56,032 - INFO - table_update route successfully send data with flag 1
2024-05-23 16:07:56,214 - INFO - Function update_bar_chart_from_blob successfully Return blob_list with flag 1
2024-05-23 16:07:56,259 - INFO - Function update_when_file_delete Data Loaded Successfully with flag 1
2024-05-23 16:07:56,636 - INFO - Function update_bar_chart_from_blob successfully Return blob_list with flag 1
2024-05-23 16:07:56,636 - INFO - delete for delete/<file_name> route deleted successfully with flag 1
2024-05-23 16:07:57,072 - INFO - table_update route successfully send data with flag 1
2024-05-23 16:07:57,634 - INFO - table_update route successfully send data with flag 1
2024-05-23 16:07:59,888 - INFO - Function update_bar_chart_from_blob successfully Return blob_list with flag 1
2024-05-23 16:08:01,222 - INFO - Function update_when_file_delete error with flag 0 -- Function update_when_file_delete error is::Check the url of your file; returned status code 404
2024-05-23 16:08:01,511 - INFO - Function update_bar_chart_from_blob successfully Return blob_list with flag 1
2024-05-23 16:08:01,512 - INFO - delete for delete/<file_name> route deleted successfully with flag 1
2024-05-23 16:08:01,842 - INFO - table_update route successfully send data with flag 1
2024-05-23 16:08:02,600 - INFO - table_update route successfully send data with flag 1
2024-05-23 16:08:07,686 - INFO - table_update route successfully send data with flag 1
2024-05-23 16:08:12,578 - INFO - table_update route successfully send data with flag 1
2024-05-23 16:08:17,593 - INFO - table_update route successfully send data with flag 1
2024-05-23 16:08:22,620 - INFO - table_update route successfully send data with flag 1
2024-05-23 16:08:27,578 - INFO - table_update route successfully send data with flag 1
2024-05-23 16:08:32,628 - INFO - table_update route successfully send data with flag 1
2024-05-23 16:08:37,562 - INFO - table_update route successfully send data with flag 1
2024-05-23 16:08:42,565 - INFO - table_update route successfully send data with flag 1
2024-05-23 16:08:47,818 - INFO - table_update route successfully send data with flag 1
2024-05-23 16:08:52,599 - INFO - table_update route successfully send data with flag 1
2024-05-23 16:08:57,210 - INFO - Function upload_to_blob successfully created blob_client.url
2024-05-23 16:08:58,002 - INFO - table_update route successfully send data with flag 1
2024-05-23 16:08:59,807 - INFO - Function upload_to_blob successfully created blob_client.url
2024-05-23 16:09:02,584 - INFO - table_update route successfully send data with flag 1
2024-05-23 16:09:04,036 - INFO - Function upload_to_blob successfully created blob_client.url
2024-05-23 16:09:07,917 - INFO - table_update route successfully send data with flag 1
2024-05-23 16:09:10,399 - INFO - Function upload_to_blob successfully created blob_client.url
2024-05-23 16:09:12,907 - INFO - table_update route successfully send data with flag 1
2024-05-23 16:09:16,634 - INFO - Function upload_to_blob successfully created blob_client.url
2024-05-23 16:09:17,865 - INFO - table_update route successfully send data with flag 1
2024-05-23 16:09:20,146 - INFO - Function upload_to_blob successfully created blob_client.url
2024-05-23 16:09:21,522 - INFO - Function upload_to_blob successfully created blob_client.url
2024-05-23 16:09:22,413 - INFO - Function upload_to_blob successfully created blob_client.url
2024-05-23 16:09:22,910 - INFO - table_update route successfully send data with flag 1
2024-05-23 16:09:23,022 - INFO - Function upload_to_blob successfully created blob_client.url
2024-05-23 16:09:23,602 - INFO - Function upload_to_blob successfully created blob_client.url
2024-05-23 16:09:23,963 - INFO - Function upload_to_blob successfully created blob_client.url
2024-05-23 16:09:24,276 - INFO - Function upload_to_blob successfully created blob_client.url
2024-05-23 16:09:24,636 - INFO - Function upload_to_blob successfully created blob_client.url
2024-05-23 16:09:24,636 - INFO - User documents uploded successfully.
2024-05-23 16:09:25,201 - INFO - Function update_bar_chart_from_blob successfully Return blob_list with flag 1
2024-05-23 16:09:25,202 - INFO - Popup_form route succeeded with flag 1
2024-05-23 16:09:27,857 - INFO - table_update route successfully send data with flag 1
2024-05-23 16:09:32,976 - INFO - table_update route successfully send data with flag 1
2024-05-23 16:09:37,920 - INFO - table_update route successfully send data with flag 1
2024-05-23 16:09:39,425 - INFO - Function update_bar_chart_from_blob successfully Return blob_list with flag 1
2024-05-23 16:09:42,944 - INFO - table_update route successfully send data with flag 1
2024-05-23 16:09:47,123 - INFO - Function update_bar_chart_from_blob successfully Return blob_list with flag 1
2024-05-23 16:09:47,901 - INFO - table_update route successfully send data with flag 1
2024-05-23 16:09:52,899 - INFO - table_update route successfully send data with flag 1
2024-05-23 16:09:56,300 - INFO - Function update_bar_chart_from_blob successfully Return blob_list with flag 1
2024-05-23 16:09:57,894 - INFO - table_update route successfully send data with flag 1
2024-05-23 16:10:03,164 - INFO - table_update route successfully send data with flag 1
2024-05-23 16:10:07,287 - INFO - Function update_bar_chart_from_blob successfully Return blob_list with flag 1
2024-05-23 16:10:07,875 - INFO - table_update route successfully send data with flag 1
2024-05-23 16:10:12,853 - INFO - table_update route successfully send data with flag 1
2024-05-23 16:10:15,531 - INFO - Function update_bar_chart_from_blob successfully Return blob_list with flag 1
2024-05-23 16:10:17,916 - INFO - table_update route successfully send data with flag 1
2024-05-23 16:10:19,815 - INFO - Function update_bar_chart_from_blob successfully Return blob_list with flag 1
2024-05-23 16:10:22,893 - INFO - table_update route successfully send data with flag 1
2024-05-23 16:10:28,094 - INFO - table_update route successfully send data with flag 1
2024-05-23 16:10:29,725 - INFO - Function update_bar_chart_from_blob successfully Return blob_list with flag 1
2024-05-23 16:10:33,036 - INFO - table_update route successfully send data with flag 1
2024-05-23 16:10:37,870 - INFO - table_update route successfully send data with flag 1
2024-05-23 16:10:43,015 - INFO - table_update route successfully send data with flag 1
2024-05-23 16:10:47,928 - INFO - table_update route successfully send data with flag 1
2024-05-23 16:10:52,876 - INFO - table_update route successfully send data with flag 1
2024-05-23 16:10:57,958 - INFO - Function update_bar_chart_from_blob successfully Return blob_list with flag 1
2024-05-23 16:10:58,224 - INFO - table_update route successfully send data with flag 1
2024-05-23 16:11:02,892 - INFO - table_update route successfully send data with flag 1
2024-05-23 16:11:07,834 - INFO - table_update route successfully send data with flag 1
2024-05-23 16:11:12,843 - INFO - table_update route successfully send data with flag 1
2024-05-23 16:11:17,855 - INFO - table_update route successfully send data with flag 1
2024-05-23 16:11:18,273 - INFO - Function update_bar_chart_from_blob successfully Return blob_list with flag 1
2024-05-23 16:11:22,989 - INFO - table_update route successfully send data with flag 1
2024-05-23 16:11:27,938 - INFO - table_update route successfully send data with flag 1
2024-05-23 16:11:30,253 - INFO - Function update_bar_chart_from_blob successfully Return blob_list with flag 1
2024-05-23 16:11:32,900 - INFO - table_update route successfully send data with flag 1
2024-05-23 16:11:37,878 - INFO - table_update route successfully send data with flag 1
2024-05-23 16:11:42,883 - INFO - table_update route successfully send data with flag 1
2024-05-23 16:11:47,865 - INFO - table_update route successfully send data with flag 1
2024-05-23 16:11:52,952 - INFO - table_update route successfully send data with flag 1
2024-05-23 16:11:57,885 - INFO - table_update route successfully send data with flag 1
2024-05-23 16:12:02,926 - INFO - table_update route successfully send data with flag 1
2024-05-23 16:12:07,870 - INFO - table_update route successfully send data with flag 1
2024-05-23 16:12:10,354 - INFO - Function update_bar_chart_from_blob successfully Return blob_list with flag 1
2024-05-23 16:12:12,875 - INFO - table_update route successfully send data with flag 1
2024-05-23 16:12:18,181 - INFO - table_update route successfully send data with flag 1
2024-05-23 16:12:22,896 - INFO - table_update route successfully send data with flag 1
2024-05-23 16:12:27,938 - INFO - table_update route successfully send data with flag 1
2024-05-23 16:12:32,876 - INFO - table_update route successfully send data with flag 1
2024-05-23 16:12:37,856 - INFO - table_update route successfully send data with flag 1
2024-05-23 16:12:42,900 - INFO - table_update route successfully send data with flag 1
2024-05-23 16:12:42,974 - INFO - Function update_bar_chart_from_blob successfully Return blob_list with flag 1
2024-05-23 16:12:47,948 - INFO - table_update route successfully send data with flag 1
2024-05-23 16:12:52,905 - INFO - table_update route successfully send data with flag 1
2024-05-23 16:12:57,883 - INFO - table_update route successfully send data with flag 1
2024-05-23 16:13:02,939 - INFO - table_update route successfully send data with flag 1
2024-05-23 16:13:07,895 - INFO - table_update route successfully send data with flag 1
2024-05-23 16:13:12,921 - INFO - table_update route successfully send data with flag 1
2024-05-23 16:13:17,881 - INFO - table_update route successfully send data with flag 1
2024-05-23 16:13:22,804 - INFO - Function update_bar_chart_from_blob successfully Return blob_list with flag 1
2024-05-23 16:13:22,809 - INFO - Function update_when_file_delete Data Loaded Successfully with flag 1
2024-05-23 16:13:22,810 - INFO - Cogni_button route succeeded with flag 1
2024-05-23 16:13:22,882 - INFO - table_update route successfully send data with flag 1
2024-05-23 16:13:27,878 - INFO - table_update route successfully send data with flag 1
2024-05-23 16:13:32,856 - INFO - table_update route successfully send data with flag 1
2024-05-23 16:13:37,960 - INFO - table_update route successfully send data with flag 1
2024-05-23 16:13:42,882 - INFO - table_update route successfully send data with flag 1
2024-05-23 16:13:47,841 - INFO - table_update route successfully send data with flag 1
2024-05-23 16:13:58,168 - INFO - table_update route successfully send data with flag 1
2024-05-23 16:13:58,755 - INFO - table_update route successfully send data with flag 1
2024-05-23 16:14:02,854 - INFO - table_update route successfully send data with flag 1
2024-05-23 16:14:07,871 - INFO - table_update route successfully send data with flag 1
2024-05-23 16:14:12,894 - INFO - table_update route successfully send data with flag 1
2024-05-23 16:14:17,860 - INFO - table_update route successfully send data with flag 1
2024-05-23 16:14:22,909 - INFO - table_update route successfully send data with flag 1
2024-05-23 16:14:27,841 - INFO - table_update route successfully send data with flag 1
2024-05-23 16:14:32,833 - INFO - table_update route successfully send data with flag 1
2024-05-23 16:14:38,496 - INFO - table_update route successfully send data with flag 1
2024-05-23 16:14:45,287 - INFO - table_update route successfully send data with flag 1
2024-05-23 16:14:48,402 - INFO - table_update route successfully send data with flag 1
2024-05-23 16:14:54,002 - INFO - table_update route successfully send data with flag 1
2024-05-23 16:14:58,330 - INFO - table_update route successfully send data with flag 1
2024-05-23 16:15:03,292 - INFO - table_update route successfully send data with flag 1
2024-05-23 16:15:08,381 - INFO - table_update route successfully send data with flag 1
2024-05-23 16:15:13,432 - INFO - table_update route successfully send data with flag 1
2024-05-23 16:15:18,299 - INFO - table_update route successfully send data with flag 1
2024-05-23 16:15:23,142 - INFO - table_update route successfully send data with flag 1
2024-05-23 16:15:28,592 - INFO - table_update route successfully send data with flag 1
2024-05-23 16:15:32,911 - INFO - table_update route successfully send data with flag 1
2024-05-23 16:15:37,870 - INFO - table_update route successfully send data with flag 1
2024-05-23 16:15:42,887 - INFO - table_update route successfully send data with flag 1
2024-05-23 16:15:47,853 - INFO - table_update route successfully send data with flag 1
2024-05-23 16:15:52,912 - INFO - table_update route successfully send data with flag 1
2024-05-23 16:15:57,846 - INFO - table_update route successfully send data with flag 1
2024-05-23 16:16:02,853 - INFO - table_update route successfully send data with flag 1
2024-05-23 16:16:08,090 - INFO - table_update route successfully send data with flag 1
2024-05-23 16:16:12,842 - INFO - table_update route successfully send data with flag 1
2024-05-23 16:16:17,876 - INFO - table_update route successfully send data with flag 1
2024-05-23 16:16:23,025 - INFO - table_update route successfully send data with flag 1
2024-05-23 16:16:27,915 - INFO - table_update route successfully send data with flag 1
2024-05-23 16:16:32,863 - INFO - table_update route successfully send data with flag 1
2024-05-23 16:16:37,954 - INFO - table_update route successfully send data with flag 1
2024-05-23 16:16:42,889 - INFO - table_update route successfully send data with flag 1
2024-05-23 16:16:47,864 - INFO - table_update route successfully send data with flag 1
2024-05-23 16:16:52,991 - INFO - table_update route successfully send data with flag 1
2024-05-23 16:16:59,251 - INFO - table_update route successfully send data with flag 1
2024-05-23 16:17:02,195 - INFO - table_update route successfully send data with flag 1
2024-05-23 16:17:11,774 - INFO - Function update_bar_chart_from_blob successfully Return blob_list with flag 1
2024-05-23 16:17:14,730 - INFO - table_update route successfully send data with flag 1
2024-05-23 16:17:19,618 - INFO - table_update route successfully send data with flag 1
2024-05-23 16:17:24,634 - INFO - table_update route successfully send data with flag 1
2024-05-23 16:17:29,665 - INFO - table_update route successfully send data with flag 1
2024-05-23 16:17:35,552 - INFO - table_update route successfully send data with flag 1
2024-05-23 16:17:39,640 - INFO - table_update route successfully send data with flag 1
2024-05-23 16:17:43,139 - INFO - Function upload_to_blob successfully created blob_client.url
2024-05-23 16:17:43,139 - INFO - User documents uploded successfully.
2024-05-23 16:17:43,704 - INFO - Function update_bar_chart_from_blob successfully Return blob_list with flag 1
2024-05-23 16:17:43,704 - INFO - Popup_form route succeeded with flag 1
2024-05-23 16:17:44,608 - INFO - table_update route successfully send data with flag 1
2024-05-23 16:17:49,630 - INFO - table_update route successfully send data with flag 1
2024-05-23 16:17:55,879 - INFO - table_update route successfully send data with flag 1
2024-05-23 16:17:59,485 - INFO - Route Eda_Process File name recieve
2024-05-23 16:18:10,653 - INFO - Route Eda_Process Data Loaded Successfuly.
2024-05-23 16:18:15,290 - INFO - Route Eda_Process File name recieve
2024-05-23 16:18:15,291 - INFO - Route Eda_Process Question received.
2024-05-23 16:18:36,797 - INFO - Route Eda_Process output received.
2024-05-23 16:18:36,808 - INFO - Processed Successfully in Eda_Process with flag 1
2024-05-23 16:20:18,069 - INFO - Route Eda_Process File name recieve
2024-05-23 16:20:18,072 - INFO - Route Eda_Process Question received.
2024-05-23 16:20:53,728 - INFO - Route Eda_Process output received.
2024-05-23 16:20:53,734 - INFO - Processed Successfully in Eda_Process with flag 1
